#
# There is insufficient memory for the Java Runtime Environment to continue.
# Native memory allocation (mmap) failed to map 65536 bytes for Failed to commit metaspace.
# Possible reasons:
#   The system is out of physical RAM or swap space
#   The process is running with CompressedOops enabled, and the Java Heap may be blocking the growth of the native heap
# Possible solutions:
#   Reduce memory load on the system
#   Increase physical memory or swap space
#   Check if swap backing store is full
#   Decrease Java heap size (-Xmx/-Xms)
#   Decrease number of Java threads
#   Decrease Java thread stack sizes (-Xss)
#   Set larger code cache with -XX:ReservedCodeCacheSize=
#   JVM is running with Zero Based Compressed Oops mode in which the Java heap is
#     placed in the first 32GB address space. The Java Heap base address is the
#     maximum limit for the native heap growth. Please use -XX:HeapBaseMinAddress
#     to set the Java Heap base and to place the Java Heap above 32GB virtual address.
# This output file may be truncated or incomplete.
#
#  Out of Memory Error (virtualSpaceNode.cpp:110), pid=11860, tid=10632
#
# JRE version: OpenJDK Runtime Environment Corretto-17.0.7.7.1 (17.0.7+7) (build 17.0.7+7-LTS)
# Java VM: OpenJDK 64-Bit Server VM Corretto-17.0.7.7.1 (17.0.7+7-LTS, mixed mode, emulated-client, sharing, tiered, compressed oops, compressed class ptrs, g1 gc, windows-amd64)
# No core dump will be written. Minidumps are not enabled by default on client versions of Windows
#

---------------  S U M M A R Y ------------

Command Line: -XX:TieredStopAtLevel=1 -Dspring.output.ansi.enabled=always -Dcom.sun.management.jmxremote -Dspring.jmx.enabled=true -Dspring.liveBeansView.mbeanDomain -Dspring.application.admin.enabled=true -Dmanagement.endpoints.jmx.exposure.include=* -javaagent:C:\Program Files\JetBrains\IntelliJ IDEA 2023.1\lib\idea_rt.jar=31949:C:\Program Files\JetBrains\IntelliJ IDEA 2023.1\bin -Dfile.encoding=UTF-8 hspm.sp.api.ApiApplication

Host: Intel(R) Core(TM) i5-6500 CPU @ 3.20GHz, 4 cores, 15G,  Windows 10 , 64 bit Build 19041 (10.0.19041.662)
Time: Wed May  3 17:04:44 2023 E. South America Standard Time elapsed time: 1.292472 seconds (0d 0h 0m 1s)

---------------  T H R E A D  ---------------

Current thread (0x0000021ff6599020):  JavaThread "restartedMain" [_thread_in_vm, id=10632, stack(0x0000004fc6500000,0x0000004fc6600000)]

Stack: [0x0000004fc6500000,0x0000004fc6600000]
Native frames: (J=compiled Java code, j=interpreted, Vv=VM code, C=native code)
V  [jvm.dll+0x64b53a]
V  [jvm.dll+0x7fef54]
V  [jvm.dll+0x80070e]
V  [jvm.dll+0x800d63]
V  [jvm.dll+0x236a2b]
V  [jvm.dll+0x7fb02b]
V  [jvm.dll+0x5f27d6]
V  [jvm.dll+0x1b5f2e]
V  [jvm.dll+0x5f5024]
V  [jvm.dll+0x5f318d]
V  [jvm.dll+0x23442c]
V  [jvm.dll+0x6a0588]
V  [jvm.dll+0x6a0faf]
V  [jvm.dll+0x35cfa3]
V  [jvm.dll+0x35c104]
V  [jvm.dll+0x35c0a8]
V  [jvm.dll+0x53aba4]
V  [jvm.dll+0x539b8c]
V  [jvm.dll+0x36ff59]
V  [jvm.dll+0x36f55f]
C  0x0000021fe28190f9

Java frames: (J=compiled Java code, j=interpreted, Vv=VM code)
j  org.springframework.context.annotation.TypeFilterUtils.createTypeFiltersFor(Lorg/springframework/core/annotation/AnnotationAttributes;Lorg/springframework/core/env/Environment;Lorg/springframework/core/io/ResourceLoader;Lorg/springframework/beans/factory/support/BeanDefinitionRegistry;)Ljava/util/List;+153
j  org.springframework.context.annotation.ComponentScanAnnotationParser.parse(Lorg/springframework/core/annotation/AnnotationAttributes;Ljava/lang/String;)Ljava/util/Set;+269
j  org.springframework.context.annotation.ConfigurationClassParser.doProcessConfigurationClass(Lorg/springframework/context/annotation/ConfigurationClass;Lorg/springframework/context/annotation/ConfigurationClassParser$SourceClass;Ljava/util/function/Predicate;)Lorg/springframework/context/annotation/ConfigurationClassParser$SourceClass;+200
j  org.springframework.context.annotation.ConfigurationClassParser.processConfigurationClass(Lorg/springframework/context/annotation/ConfigurationClass;Ljava/util/function/Predicate;)V+106
j  org.springframework.context.annotation.ConfigurationClassParser.parse(Lorg/springframework/core/type/AnnotationMetadata;Ljava/lang/String;)V+13
j  org.springframework.context.annotation.ConfigurationClassParser.parse(Ljava/util/Set;)V+59
j  org.springframework.context.annotation.ConfigurationClassPostProcessor.processConfigBeanDefinitions(Lorg/springframework/beans/factory/support/BeanDefinitionRegistry;)V+301
j  org.springframework.context.annotation.ConfigurationClassPostProcessor.postProcessBeanDefinitionRegistry(Lorg/springframework/beans/factory/support/BeanDefinitionRegistry;)V+81
j  org.springframework.context.support.PostProcessorRegistrationDelegate.invokeBeanDefinitionRegistryPostProcessors(Ljava/util/Collection;Lorg/springframework/beans/factory/support/BeanDefinitionRegistry;Lorg/springframework/core/metrics/ApplicationStartup;)V+59
j  org.springframework.context.support.PostProcessorRegistrationDelegate.invokeBeanFactoryPostProcessors(Lorg/springframework/beans/factory/config/ConfigurableListableBeanFactory;Ljava/util/List;)V+238
j  org.springframework.context.support.AbstractApplicationContext.invokeBeanFactoryPostProcessors(Lorg/springframework/beans/factory/config/ConfigurableListableBeanFactory;)V+5
j  org.springframework.context.support.AbstractApplicationContext.refresh()V+53
j  org.springframework.boot.web.servlet.context.ServletWebServerApplicationContext.refresh()V+1
j  org.springframework.boot.SpringApplication.refresh(Lorg/springframework/context/ConfigurableApplicationContext;)V+1
j  org.springframework.boot.SpringApplication.refreshContext(Lorg/springframework/context/ConfigurableApplicationContext;)V+16
j  org.springframework.boot.SpringApplication.run([Ljava/lang/String;)Lorg/springframework/context/ConfigurableApplicationContext;+101
j  org.springframework.boot.SpringApplication.run([Ljava/lang/Class;[Ljava/lang/String;)Lorg/springframework/context/ConfigurableApplicationContext;+9
j  org.springframework.boot.SpringApplication.run(Ljava/lang/Class;[Ljava/lang/String;)Lorg/springframework/context/ConfigurableApplicationContext;+9
j  hspm.sp.api.ApiApplication.main([Ljava/lang/String;)V+3
v  ~StubRoutines::call_stub
j  jdk.internal.reflect.NativeMethodAccessorImpl.invoke0(Ljava/lang/reflect/Method;Ljava/lang/Object;[Ljava/lang/Object;)Ljava/lang/Object;+0 java.base@17.0.7
j  jdk.internal.reflect.NativeMethodAccessorImpl.invoke(Ljava/lang/Object;[Ljava/lang/Object;)Ljava/lang/Object;+133 java.base@17.0.7
j  jdk.internal.reflect.DelegatingMethodAccessorImpl.invoke(Ljava/lang/Object;[Ljava/lang/Object;)Ljava/lang/Object;+6 java.base@17.0.7
j  java.lang.reflect.Method.invoke(Ljava/lang/Object;[Ljava/lang/Object;)Ljava/lang/Object;+59 java.base@17.0.7
j  org.springframework.boot.devtools.restart.RestartLauncher.run()V+42
v  ~StubRoutines::call_stub

---------------  P R O C E S S  ---------------

Threads class SMR info:
_java_thread_list=0x0000021ff6685a10, length=20, elements={
0x0000021fda9c4860, 0x0000021ff1a58500, 0x0000021ff1a59280, 0x0000021ff1a6c840,
0x0000021ff1a6d1f0, 0x0000021ff1a6dba0, 0x0000021ff1a6f560, 0x0000021ff1a73410,
0x0000021ff1a7fe20, 0x0000021ff1931f90, 0x0000021ff1932630, 0x0000021ff1b669b0,
0x0000021ff6108820, 0x0000021ff6108cf0, 0x0000021ff63abe70, 0x0000021ff656b820,
0x0000021ff6599020, 0x0000021ff66ae2f0, 0x0000021ff66f2150, 0x0000021ff66cea80
}

Java Threads: ( => current thread )
  0x0000021fda9c4860 JavaThread "main" [_thread_blocked, id=12460, stack(0x0000004fc4a00000,0x0000004fc4b00000)]
  0x0000021ff1a58500 JavaThread "Reference Handler" daemon [_thread_blocked, id=5376, stack(0x0000004fc5100000,0x0000004fc5200000)]
  0x0000021ff1a59280 JavaThread "Finalizer" daemon [_thread_blocked, id=18972, stack(0x0000004fc5200000,0x0000004fc5300000)]
  0x0000021ff1a6c840 JavaThread "Signal Dispatcher" daemon [_thread_blocked, id=9876, stack(0x0000004fc5300000,0x0000004fc5400000)]
  0x0000021ff1a6d1f0 JavaThread "Attach Listener" daemon [_thread_blocked, id=4332, stack(0x0000004fc5400000,0x0000004fc5500000)]
  0x0000021ff1a6dba0 JavaThread "Service Thread" daemon [_thread_blocked, id=5888, stack(0x0000004fc5500000,0x0000004fc5600000)]
  0x0000021ff1a6f560 JavaThread "Monitor Deflation Thread" daemon [_thread_blocked, id=10840, stack(0x0000004fc5600000,0x0000004fc5700000)]
  0x0000021ff1a73410 JavaThread "C1 CompilerThread0" daemon [_thread_blocked, id=18132, stack(0x0000004fc5700000,0x0000004fc5800000)]
  0x0000021ff1a7fe20 JavaThread "Sweeper thread" daemon [_thread_blocked, id=2040, stack(0x0000004fc5800000,0x0000004fc5900000)]
  0x0000021ff1931f90 JavaThread "Common-Cleaner" daemon [_thread_blocked, id=15296, stack(0x0000004fc5900000,0x0000004fc5a00000)]
  0x0000021ff1932630 JavaThread "C1 CompilerThread1" daemon [_thread_blocked, id=15936, stack(0x0000004fc5a00000,0x0000004fc5b00000)]
  0x0000021ff1b669b0 JavaThread "C1 CompilerThread2" daemon [_thread_blocked, id=9196, stack(0x0000004fc5b00000,0x0000004fc5c00000)]
  0x0000021ff6108820 JavaThread "Monitor Ctrl-Break" daemon [_thread_in_native, id=5032, stack(0x0000004fc5c00000,0x0000004fc5d00000)]
  0x0000021ff6108cf0 JavaThread "Notification Thread" daemon [_thread_blocked, id=3988, stack(0x0000004fc5d00000,0x0000004fc5e00000)]
  0x0000021ff63abe70 JavaThread "RMI TCP Accept-0" daemon [_thread_in_native, id=16916, stack(0x0000004fc5e00000,0x0000004fc5f00000)]
  0x0000021ff656b820 JavaThread "Thread-0" [_thread_blocked, id=18764, stack(0x0000004fc6400000,0x0000004fc6500000)]
=>0x0000021ff6599020 JavaThread "restartedMain" [_thread_in_vm, id=10632, stack(0x0000004fc6500000,0x0000004fc6600000)]
  0x0000021ff66ae2f0 JavaThread "RMI TCP Connection(1)-172.24.55.30" daemon [_thread_in_native, id=14428, stack(0x0000004fc6600000,0x0000004fc6700000)]
  0x0000021ff66f2150 JavaThread "RMI Scheduler(0)" daemon [_thread_blocked, id=8328, stack(0x0000004fc6700000,0x0000004fc6800000)]
  0x0000021ff66cea80 JavaThread "background-preinit" [_thread_in_vm, id=17388, stack(0x0000004fc6800000,0x0000004fc6900000)]

Other Threads:
  0x0000021ff193ea40 VMThread "VM Thread" [stack: 0x0000004fc5000000,0x0000004fc5100000] [id=10944]
  0x0000021ff1b5f930 WatcherThread [stack: 0x0000004fc5f00000,0x0000004fc6000000] [id=12060]
  0x0000021fdaa304a0 GCTaskThread "GC Thread#0" [stack: 0x0000004fc4b00000,0x0000004fc4c00000] [id=9944]
  0x0000021fda9c5b60 GCTaskThread "GC Thread#1" [stack: 0x0000004fc6000000,0x0000004fc6100000] [id=14636]
  0x0000021ff6222200 GCTaskThread "GC Thread#2" [stack: 0x0000004fc6100000,0x0000004fc6200000] [id=208]
  0x0000021ff62224b0 GCTaskThread "GC Thread#3" [stack: 0x0000004fc6200000,0x0000004fc6300000] [id=16232]
  0x0000021fdaa42200 ConcurrentGCThread "G1 Main Marker" [stack: 0x0000004fc4c00000,0x0000004fc4d00000] [id=12772]
  0x0000021fdaa43780 ConcurrentGCThread "G1 Conc#0" [stack: 0x0000004fc4d00000,0x0000004fc4e00000] [id=15252]
  0x0000021ff17fa090 ConcurrentGCThread "G1 Refine#0" [stack: 0x0000004fc4e00000,0x0000004fc4f00000] [id=19164]
  0x0000021ff63fa990 ConcurrentGCThread "G1 Refine#1" [stack: 0x0000004fc6300000,0x0000004fc6400000] [id=8672]
  0x0000021ff17fa9c0 ConcurrentGCThread "G1 Service" [stack: 0x0000004fc4f00000,0x0000004fc5000000] [id=13560]

Threads with active compile tasks:

VM state: not at safepoint (normal execution)

VM Mutex/Monitor currently owned by a thread:  ([mutex/lock_event])
[0x0000021fda9bf220] Metaspace_lock - owner thread: 0x0000021ff6599020

Heap address: 0x0000000701e00000, size: 4066 MB, Compressed Oops mode: Zero based, Oop shift amount: 3

CDS archive(s) mapped at: [0x0000000800000000-0x0000000800bc0000-0x0000000800bc0000), size 12320768, SharedBaseAddress: 0x0000000800000000, ArchiveRelocationMode: 0.
Compressed class space mapped at: 0x0000000801000000-0x0000000841000000, reserved size: 1073741824
Narrow klass base: 0x0000000800000000, Narrow klass shift: 0, Narrow klass range: 0x100000000

GC Precious Log:
 CPUs: 4 total, 4 available
 Memory: 16263M
 Large Page Support: Disabled
 NUMA Support: Disabled
 Compressed Oops: Enabled (Zero based)
 Heap Region Size: 2M
 Heap Min Capacity: 8M
 Heap Initial Capacity: 256M
 Heap Max Capacity: 4066M
 Pre-touch: Disabled
 Parallel Workers: 4
 Concurrent Workers: 1
 Concurrent Refinement Workers: 4
 Periodic GC: Disabled

Heap:
 garbage-first heap   total 262144K, used 27768K [0x0000000701e00000, 0x0000000800000000)
  region size 2048K, 12 young (24576K), 2 survivors (4096K)
 Metaspace       used 15038K, committed 15296K, reserved 1114112K
  class space    used 2155K, committed 2304K, reserved 1048576K

Heap Regions: E=young(eden), S=young(survivor), O=old, HS=humongous(starts), HC=humongous(continues), CS=collection set, F=free, OA=open archive, CA=closed archive, TAMS=top-at-mark-start (previous, next)
|   0|0x0000000701e00000, 0x0000000702000000, 0x0000000702000000|100%| O|  |TAMS 0x0000000701e00000, 0x0000000701e00000| Untracked 
|   1|0x0000000702000000, 0x0000000702200000, 0x0000000702200000|100%| O|  |TAMS 0x0000000702000000, 0x0000000702000000| Untracked 
|   2|0x0000000702200000, 0x0000000702400000, 0x0000000702400000|100%| O|  |TAMS 0x0000000702200000, 0x0000000702200000| Untracked 
|   3|0x0000000702400000, 0x0000000702400000, 0x0000000702600000|  0%| F|  |TAMS 0x0000000702400000, 0x0000000702400000| Untracked 
|   4|0x0000000702600000, 0x0000000702600000, 0x0000000702800000|  0%| F|  |TAMS 0x0000000702600000, 0x0000000702600000| Untracked 
|   5|0x0000000702800000, 0x0000000702800000, 0x0000000702a00000|  0%| F|  |TAMS 0x0000000702800000, 0x0000000702800000| Untracked 
|   6|0x0000000702a00000, 0x0000000702a00000, 0x0000000702c00000|  0%| F|  |TAMS 0x0000000702a00000, 0x0000000702a00000| Untracked 
|   7|0x0000000702c00000, 0x0000000702c00000, 0x0000000702e00000|  0%| F|  |TAMS 0x0000000702c00000, 0x0000000702c00000| Untracked 
|   8|0x0000000702e00000, 0x0000000702e00000, 0x0000000703000000|  0%| F|  |TAMS 0x0000000702e00000, 0x0000000702e00000| Untracked 
|   9|0x0000000703000000, 0x0000000703000000, 0x0000000703200000|  0%| F|  |TAMS 0x0000000703000000, 0x0000000703000000| Untracked 
|  10|0x0000000703200000, 0x0000000703200000, 0x0000000703400000|  0%| F|  |TAMS 0x0000000703200000, 0x0000000703200000| Untracked 
|  11|0x0000000703400000, 0x0000000703400000, 0x0000000703600000|  0%| F|  |TAMS 0x0000000703400000, 0x0000000703400000| Untracked 
|  12|0x0000000703600000, 0x0000000703600000, 0x0000000703800000|  0%| F|  |TAMS 0x0000000703600000, 0x0000000703600000| Untracked 
|  13|0x0000000703800000, 0x0000000703800000, 0x0000000703a00000|  0%| F|  |TAMS 0x0000000703800000, 0x0000000703800000| Untracked 
|  14|0x0000000703a00000, 0x0000000703a00000, 0x0000000703c00000|  0%| F|  |TAMS 0x0000000703a00000, 0x0000000703a00000| Untracked 
|  15|0x0000000703c00000, 0x0000000703c00000, 0x0000000703e00000|  0%| F|  |TAMS 0x0000000703c00000, 0x0000000703c00000| Untracked 
|  16|0x0000000703e00000, 0x0000000703e00000, 0x0000000704000000|  0%| F|  |TAMS 0x0000000703e00000, 0x0000000703e00000| Untracked 
|  17|0x0000000704000000, 0x0000000704000000, 0x0000000704200000|  0%| F|  |TAMS 0x0000000704000000, 0x0000000704000000| Untracked 
|  18|0x0000000704200000, 0x0000000704200000, 0x0000000704400000|  0%| F|  |TAMS 0x0000000704200000, 0x0000000704200000| Untracked 
|  19|0x0000000704400000, 0x0000000704400000, 0x0000000704600000|  0%| F|  |TAMS 0x0000000704400000, 0x0000000704400000| Untracked 
|  20|0x0000000704600000, 0x0000000704600000, 0x0000000704800000|  0%| F|  |TAMS 0x0000000704600000, 0x0000000704600000| Untracked 
|  21|0x0000000704800000, 0x0000000704800000, 0x0000000704a00000|  0%| F|  |TAMS 0x0000000704800000, 0x0000000704800000| Untracked 
|  22|0x0000000704a00000, 0x0000000704a00000, 0x0000000704c00000|  0%| F|  |TAMS 0x0000000704a00000, 0x0000000704a00000| Untracked 
|  23|0x0000000704c00000, 0x0000000704c00000, 0x0000000704e00000|  0%| F|  |TAMS 0x0000000704c00000, 0x0000000704c00000| Untracked 
|  24|0x0000000704e00000, 0x0000000704e00000, 0x0000000705000000|  0%| F|  |TAMS 0x0000000704e00000, 0x0000000704e00000| Untracked 
|  25|0x0000000705000000, 0x0000000705000000, 0x0000000705200000|  0%| F|  |TAMS 0x0000000705000000, 0x0000000705000000| Untracked 
|  26|0x0000000705200000, 0x0000000705200000, 0x0000000705400000|  0%| F|  |TAMS 0x0000000705200000, 0x0000000705200000| Untracked 
|  27|0x0000000705400000, 0x0000000705400000, 0x0000000705600000|  0%| F|  |TAMS 0x0000000705400000, 0x0000000705400000| Untracked 
|  28|0x0000000705600000, 0x0000000705600000, 0x0000000705800000|  0%| F|  |TAMS 0x0000000705600000, 0x0000000705600000| Untracked 
|  29|0x0000000705800000, 0x0000000705800000, 0x0000000705a00000|  0%| F|  |TAMS 0x0000000705800000, 0x0000000705800000| Untracked 
|  30|0x0000000705a00000, 0x0000000705a00000, 0x0000000705c00000|  0%| F|  |TAMS 0x0000000705a00000, 0x0000000705a00000| Untracked 
|  31|0x0000000705c00000, 0x0000000705c00000, 0x0000000705e00000|  0%| F|  |TAMS 0x0000000705c00000, 0x0000000705c00000| Untracked 
|  32|0x0000000705e00000, 0x0000000705e00000, 0x0000000706000000|  0%| F|  |TAMS 0x0000000705e00000, 0x0000000705e00000| Untracked 
|  33|0x0000000706000000, 0x0000000706000000, 0x0000000706200000|  0%| F|  |TAMS 0x0000000706000000, 0x0000000706000000| Untracked 
|  34|0x0000000706200000, 0x0000000706200000, 0x0000000706400000|  0%| F|  |TAMS 0x0000000706200000, 0x0000000706200000| Untracked 
|  35|0x0000000706400000, 0x0000000706400000, 0x0000000706600000|  0%| F|  |TAMS 0x0000000706400000, 0x0000000706400000| Untracked 
|  36|0x0000000706600000, 0x0000000706600000, 0x0000000706800000|  0%| F|  |TAMS 0x0000000706600000, 0x0000000706600000| Untracked 
|  37|0x0000000706800000, 0x0000000706800000, 0x0000000706a00000|  0%| F|  |TAMS 0x0000000706800000, 0x0000000706800000| Untracked 
|  38|0x0000000706a00000, 0x0000000706a00000, 0x0000000706c00000|  0%| F|  |TAMS 0x0000000706a00000, 0x0000000706a00000| Untracked 
|  39|0x0000000706c00000, 0x0000000706c00000, 0x0000000706e00000|  0%| F|  |TAMS 0x0000000706c00000, 0x0000000706c00000| Untracked 
|  40|0x0000000706e00000, 0x0000000706e00000, 0x0000000707000000|  0%| F|  |TAMS 0x0000000706e00000, 0x0000000706e00000| Untracked 
|  41|0x0000000707000000, 0x0000000707000000, 0x0000000707200000|  0%| F|  |TAMS 0x0000000707000000, 0x0000000707000000| Untracked 
|  42|0x0000000707200000, 0x0000000707200000, 0x0000000707400000|  0%| F|  |TAMS 0x0000000707200000, 0x0000000707200000| Untracked 
|  43|0x0000000707400000, 0x0000000707400000, 0x0000000707600000|  0%| F|  |TAMS 0x0000000707400000, 0x0000000707400000| Untracked 
|  44|0x0000000707600000, 0x0000000707600000, 0x0000000707800000|  0%| F|  |TAMS 0x0000000707600000, 0x0000000707600000| Untracked 
|  45|0x0000000707800000, 0x0000000707800000, 0x0000000707a00000|  0%| F|  |TAMS 0x0000000707800000, 0x0000000707800000| Untracked 
|  46|0x0000000707a00000, 0x0000000707a00000, 0x0000000707c00000|  0%| F|  |TAMS 0x0000000707a00000, 0x0000000707a00000| Untracked 
|  47|0x0000000707c00000, 0x0000000707c00000, 0x0000000707e00000|  0%| F|  |TAMS 0x0000000707c00000, 0x0000000707c00000| Untracked 
|  48|0x0000000707e00000, 0x0000000707e00000, 0x0000000708000000|  0%| F|  |TAMS 0x0000000707e00000, 0x0000000707e00000| Untracked 
|  49|0x0000000708000000, 0x0000000708000000, 0x0000000708200000|  0%| F|  |TAMS 0x0000000708000000, 0x0000000708000000| Untracked 
|  50|0x0000000708200000, 0x0000000708200000, 0x0000000708400000|  0%| F|  |TAMS 0x0000000708200000, 0x0000000708200000| Untracked 
|  51|0x0000000708400000, 0x0000000708400000, 0x0000000708600000|  0%| F|  |TAMS 0x0000000708400000, 0x0000000708400000| Untracked 
|  52|0x0000000708600000, 0x0000000708600000, 0x0000000708800000|  0%| F|  |TAMS 0x0000000708600000, 0x0000000708600000| Untracked 
|  53|0x0000000708800000, 0x0000000708800000, 0x0000000708a00000|  0%| F|  |TAMS 0x0000000708800000, 0x0000000708800000| Untracked 
|  54|0x0000000708a00000, 0x0000000708a00000, 0x0000000708c00000|  0%| F|  |TAMS 0x0000000708a00000, 0x0000000708a00000| Untracked 
|  55|0x0000000708c00000, 0x0000000708c00000, 0x0000000708e00000|  0%| F|  |TAMS 0x0000000708c00000, 0x0000000708c00000| Untracked 
|  56|0x0000000708e00000, 0x0000000708e00000, 0x0000000709000000|  0%| F|  |TAMS 0x0000000708e00000, 0x0000000708e00000| Untracked 
|  57|0x0000000709000000, 0x0000000709000000, 0x0000000709200000|  0%| F|  |TAMS 0x0000000709000000, 0x0000000709000000| Untracked 
|  58|0x0000000709200000, 0x0000000709200000, 0x0000000709400000|  0%| F|  |TAMS 0x0000000709200000, 0x0000000709200000| Untracked 
|  59|0x0000000709400000, 0x0000000709400000, 0x0000000709600000|  0%| F|  |TAMS 0x0000000709400000, 0x0000000709400000| Untracked 
|  60|0x0000000709600000, 0x0000000709600000, 0x0000000709800000|  0%| F|  |TAMS 0x0000000709600000, 0x0000000709600000| Untracked 
|  61|0x0000000709800000, 0x0000000709800000, 0x0000000709a00000|  0%| F|  |TAMS 0x0000000709800000, 0x0000000709800000| Untracked 
|  62|0x0000000709a00000, 0x0000000709a00000, 0x0000000709c00000|  0%| F|  |TAMS 0x0000000709a00000, 0x0000000709a00000| Untracked 
|  63|0x0000000709c00000, 0x0000000709c00000, 0x0000000709e00000|  0%| F|  |TAMS 0x0000000709c00000, 0x0000000709c00000| Untracked 
|  64|0x0000000709e00000, 0x0000000709e00000, 0x000000070a000000|  0%| F|  |TAMS 0x0000000709e00000, 0x0000000709e00000| Untracked 
|  65|0x000000070a000000, 0x000000070a000000, 0x000000070a200000|  0%| F|  |TAMS 0x000000070a000000, 0x000000070a000000| Untracked 
|  66|0x000000070a200000, 0x000000070a200000, 0x000000070a400000|  0%| F|  |TAMS 0x000000070a200000, 0x000000070a200000| Untracked 
|  67|0x000000070a400000, 0x000000070a400000, 0x000000070a600000|  0%| F|  |TAMS 0x000000070a400000, 0x000000070a400000| Untracked 
|  68|0x000000070a600000, 0x000000070a600000, 0x000000070a800000|  0%| F|  |TAMS 0x000000070a600000, 0x000000070a600000| Untracked 
|  69|0x000000070a800000, 0x000000070a800000, 0x000000070aa00000|  0%| F|  |TAMS 0x000000070a800000, 0x000000070a800000| Untracked 
|  70|0x000000070aa00000, 0x000000070aa00000, 0x000000070ac00000|  0%| F|  |TAMS 0x000000070aa00000, 0x000000070aa00000| Untracked 
|  71|0x000000070ac00000, 0x000000070ac00000, 0x000000070ae00000|  0%| F|  |TAMS 0x000000070ac00000, 0x000000070ac00000| Untracked 
|  72|0x000000070ae00000, 0x000000070ae00000, 0x000000070b000000|  0%| F|  |TAMS 0x000000070ae00000, 0x000000070ae00000| Untracked 
|  73|0x000000070b000000, 0x000000070b000000, 0x000000070b200000|  0%| F|  |TAMS 0x000000070b000000, 0x000000070b000000| Untracked 
|  74|0x000000070b200000, 0x000000070b200000, 0x000000070b400000|  0%| F|  |TAMS 0x000000070b200000, 0x000000070b200000| Untracked 
|  75|0x000000070b400000, 0x000000070b400000, 0x000000070b600000|  0%| F|  |TAMS 0x000000070b400000, 0x000000070b400000| Untracked 
|  76|0x000000070b600000, 0x000000070b600000, 0x000000070b800000|  0%| F|  |TAMS 0x000000070b600000, 0x000000070b600000| Untracked 
|  77|0x000000070b800000, 0x000000070b800000, 0x000000070ba00000|  0%| F|  |TAMS 0x000000070b800000, 0x000000070b800000| Untracked 
|  78|0x000000070ba00000, 0x000000070ba00000, 0x000000070bc00000|  0%| F|  |TAMS 0x000000070ba00000, 0x000000070ba00000| Untracked 
|  79|0x000000070bc00000, 0x000000070bc00000, 0x000000070be00000|  0%| F|  |TAMS 0x000000070bc00000, 0x000000070bc00000| Untracked 
|  80|0x000000070be00000, 0x000000070be00000, 0x000000070c000000|  0%| F|  |TAMS 0x000000070be00000, 0x000000070be00000| Untracked 
|  81|0x000000070c000000, 0x000000070c000000, 0x000000070c200000|  0%| F|  |TAMS 0x000000070c000000, 0x000000070c000000| Untracked 
|  82|0x000000070c200000, 0x000000070c200000, 0x000000070c400000|  0%| F|  |TAMS 0x000000070c200000, 0x000000070c200000| Untracked 
|  83|0x000000070c400000, 0x000000070c400000, 0x000000070c600000|  0%| F|  |TAMS 0x000000070c400000, 0x000000070c400000| Untracked 
|  84|0x000000070c600000, 0x000000070c600000, 0x000000070c800000|  0%| F|  |TAMS 0x000000070c600000, 0x000000070c600000| Untracked 
|  85|0x000000070c800000, 0x000000070c800000, 0x000000070ca00000|  0%| F|  |TAMS 0x000000070c800000, 0x000000070c800000| Untracked 
|  86|0x000000070ca00000, 0x000000070ca00000, 0x000000070cc00000|  0%| F|  |TAMS 0x000000070ca00000, 0x000000070ca00000| Untracked 
|  87|0x000000070cc00000, 0x000000070cc00000, 0x000000070ce00000|  0%| F|  |TAMS 0x000000070cc00000, 0x000000070cc00000| Untracked 
|  88|0x000000070ce00000, 0x000000070ce00000, 0x000000070d000000|  0%| F|  |TAMS 0x000000070ce00000, 0x000000070ce00000| Untracked 
|  89|0x000000070d000000, 0x000000070d000000, 0x000000070d200000|  0%| F|  |TAMS 0x000000070d000000, 0x000000070d000000| Untracked 
|  90|0x000000070d200000, 0x000000070d200000, 0x000000070d400000|  0%| F|  |TAMS 0x000000070d200000, 0x000000070d200000| Untracked 
|  91|0x000000070d400000, 0x000000070d400000, 0x000000070d600000|  0%| F|  |TAMS 0x000000070d400000, 0x000000070d400000| Untracked 
|  92|0x000000070d600000, 0x000000070d600000, 0x000000070d800000|  0%| F|  |TAMS 0x000000070d600000, 0x000000070d600000| Untracked 
|  93|0x000000070d800000, 0x000000070d800000, 0x000000070da00000|  0%| F|  |TAMS 0x000000070d800000, 0x000000070d800000| Untracked 
|  94|0x000000070da00000, 0x000000070da00000, 0x000000070dc00000|  0%| F|  |TAMS 0x000000070da00000, 0x000000070da00000| Untracked 
|  95|0x000000070dc00000, 0x000000070dc00000, 0x000000070de00000|  0%| F|  |TAMS 0x000000070dc00000, 0x000000070dc00000| Untracked 
|  96|0x000000070de00000, 0x000000070de00000, 0x000000070e000000|  0%| F|  |TAMS 0x000000070de00000, 0x000000070de00000| Untracked 
|  97|0x000000070e000000, 0x000000070e000000, 0x000000070e200000|  0%| F|  |TAMS 0x000000070e000000, 0x000000070e000000| Untracked 
|  98|0x000000070e200000, 0x000000070e200000, 0x000000070e400000|  0%| F|  |TAMS 0x000000070e200000, 0x000000070e200000| Untracked 
|  99|0x000000070e400000, 0x000000070e400000, 0x000000070e600000|  0%| F|  |TAMS 0x000000070e400000, 0x000000070e400000| Untracked 
| 100|0x000000070e600000, 0x000000070e600000, 0x000000070e800000|  0%| F|  |TAMS 0x000000070e600000, 0x000000070e600000| Untracked 
| 101|0x000000070e800000, 0x000000070e800000, 0x000000070ea00000|  0%| F|  |TAMS 0x000000070e800000, 0x000000070e800000| Untracked 
| 102|0x000000070ea00000, 0x000000070ea00000, 0x000000070ec00000|  0%| F|  |TAMS 0x000000070ea00000, 0x000000070ea00000| Untracked 
| 103|0x000000070ec00000, 0x000000070ec00000, 0x000000070ee00000|  0%| F|  |TAMS 0x000000070ec00000, 0x000000070ec00000| Untracked 
| 104|0x000000070ee00000, 0x000000070ee00000, 0x000000070f000000|  0%| F|  |TAMS 0x000000070ee00000, 0x000000070ee00000| Untracked 
| 105|0x000000070f000000, 0x000000070f000000, 0x000000070f200000|  0%| F|  |TAMS 0x000000070f000000, 0x000000070f000000| Untracked 
| 106|0x000000070f200000, 0x000000070f200000, 0x000000070f400000|  0%| F|  |TAMS 0x000000070f200000, 0x000000070f200000| Untracked 
| 107|0x000000070f400000, 0x000000070f400000, 0x000000070f600000|  0%| F|  |TAMS 0x000000070f400000, 0x000000070f400000| Untracked 
| 108|0x000000070f600000, 0x000000070f600000, 0x000000070f800000|  0%| F|  |TAMS 0x000000070f600000, 0x000000070f600000| Untracked 
| 109|0x000000070f800000, 0x000000070f800000, 0x000000070fa00000|  0%| F|  |TAMS 0x000000070f800000, 0x000000070f800000| Untracked 
| 110|0x000000070fa00000, 0x000000070fa00000, 0x000000070fc00000|  0%| F|  |TAMS 0x000000070fa00000, 0x000000070fa00000| Untracked 
| 111|0x000000070fc00000, 0x000000070fc00000, 0x000000070fe00000|  0%| F|  |TAMS 0x000000070fc00000, 0x000000070fc00000| Untracked 
| 112|0x000000070fe00000, 0x000000070fe00000, 0x0000000710000000|  0%| F|  |TAMS 0x000000070fe00000, 0x000000070fe00000| Untracked 
| 113|0x0000000710000000, 0x0000000710000000, 0x0000000710200000|  0%| F|  |TAMS 0x0000000710000000, 0x0000000710000000| Untracked 
| 114|0x0000000710200000, 0x000000071031e2d0, 0x0000000710400000| 55%| S|CS|TAMS 0x0000000710200000, 0x0000000710200000| Complete 
| 115|0x0000000710400000, 0x0000000710600000, 0x0000000710600000|100%| S|CS|TAMS 0x0000000710400000, 0x0000000710400000| Complete 
| 116|0x0000000710600000, 0x0000000710600000, 0x0000000710800000|  0%| F|  |TAMS 0x0000000710600000, 0x0000000710600000| Untracked 
| 117|0x0000000710800000, 0x0000000710800000, 0x0000000710a00000|  0%| F|  |TAMS 0x0000000710800000, 0x0000000710800000| Untracked 
| 118|0x0000000710a00000, 0x0000000710befba8, 0x0000000710c00000| 96%| E|  |TAMS 0x0000000710a00000, 0x0000000710a00000| Complete 
| 119|0x0000000710c00000, 0x0000000710e00000, 0x0000000710e00000|100%| E|CS|TAMS 0x0000000710c00000, 0x0000000710c00000| Complete 
| 120|0x0000000710e00000, 0x0000000711000000, 0x0000000711000000|100%| E|CS|TAMS 0x0000000710e00000, 0x0000000710e00000| Complete 
| 121|0x0000000711000000, 0x0000000711200000, 0x0000000711200000|100%| E|CS|TAMS 0x0000000711000000, 0x0000000711000000| Complete 
| 122|0x0000000711200000, 0x0000000711400000, 0x0000000711400000|100%| E|CS|TAMS 0x0000000711200000, 0x0000000711200000| Complete 
| 123|0x0000000711400000, 0x0000000711600000, 0x0000000711600000|100%| E|CS|TAMS 0x0000000711400000, 0x0000000711400000| Complete 
| 124|0x0000000711600000, 0x0000000711800000, 0x0000000711800000|100%| E|CS|TAMS 0x0000000711600000, 0x0000000711600000| Complete 
| 125|0x0000000711800000, 0x0000000711a00000, 0x0000000711a00000|100%| E|CS|TAMS 0x0000000711800000, 0x0000000711800000| Complete 
| 126|0x0000000711a00000, 0x0000000711c00000, 0x0000000711c00000|100%| E|CS|TAMS 0x0000000711a00000, 0x0000000711a00000| Complete 
| 127|0x0000000711c00000, 0x0000000711e00000, 0x0000000711e00000|100%| E|CS|TAMS 0x0000000711c00000, 0x0000000711c00000| Complete 

Card table byte_map: [0x0000021fe64a0000,0x0000021fe6ca0000] _byte_map_base: 0x0000021fe2c91000

Marking Bits (Prev, Next): (CMBitMap*) 0x0000021fdaa30ab0, (CMBitMap*) 0x0000021fdaa30af0
 Prev Bits: [0x0000021fe74a0000, 0x0000021feb428000)
 Next Bits: [0x0000021feb430000, 0x0000021fef3b8000)

Polling page: 0x0000021fdaa50000

Metaspace:

Usage:
  Non-class:     12.58 MB used.
      Class:      2.10 MB used.
       Both:     14.69 MB used.

Virtual space:
  Non-class space:       64.00 MB reserved,      12.69 MB ( 20%) committed,  1 nodes.
      Class space:        1.00 GB reserved,       2.25 MB ( <1%) committed,  1 nodes.
             Both:        1.06 GB reserved,      14.94 MB (  1%) committed. 

Chunk freelists:
   Non-Class:  2.80 MB
       Class:  13.58 MB
        Both:  16.38 MB

MaxMetaspaceSize: unlimited
CompressedClassSpaceSize: 1.00 GB
Initial GC threshold: 21.00 MB
Current GC threshold: 21.00 MB
CDS: on
MetaspaceReclaimPolicy: balanced
 - commit_granule_bytes: 65536.
 - commit_granule_words: 8192.
 - virtual_space_node_default_size: 8388608.
 - enlarge_chunks_in_place: 1.
 - new_chunks_are_fully_committed: 0.
 - uncommit_free_chunks: 1.
 - use_allocation_guard: 0.
 - handle_deallocations: 1.


Internal statistics:

num_allocs_failed_limit: 0.
num_arena_births: 262.
num_arena_deaths: 0.
num_vsnodes_births: 2.
num_vsnodes_deaths: 0.
num_space_committed: 239.
num_space_uncommitted: 0.
num_chunks_returned_to_freelist: 0.
num_chunks_taken_from_freelist: 696.
num_chunk_merges: 0.
num_chunk_splits: 457.
num_chunks_enlarged: 322.
num_inconsistent_stats: 0.

CodeCache: size=49152Kb used=5373Kb max_used=5373Kb free=43778Kb
 bounds [0x0000021fe2800000, 0x0000021fe2d40000, 0x0000021fe5800000]
 total_blobs=2559 nmethods=2072 adapters=412
 compilation: enabled
              stopped_count=0, restarted_count=0
 full_count=0

Compilation events (20 events):
Event: 1.275 Thread 0x0000021ff1a73410 2064       1       java.lang.invoke.LambdaForm$MH/0x00000008010dd000::linkToTargetMethod (15 bytes)
Event: 1.275 Thread 0x0000021ff1b669b0 nmethod 2061 0x0000021fe2d39910 code [0x0000021fe2d39ae0, 0x0000021fe2d39c98]
Event: 1.275 Thread 0x0000021ff1b669b0 2065       1       java.lang.invoke.LambdaForm$DMH/0x00000008010dc800::newInvokeSpecial (32 bytes)
Event: 1.275 Thread 0x0000021ff1a73410 nmethod 2064 0x0000021fe2d39f10 code [0x0000021fe2d3a0c0, 0x0000021fe2d3a1f8]
Event: 1.275 Thread 0x0000021ff1b669b0 nmethod 2065 0x0000021fe2d3a310 code [0x0000021fe2d3a4c0, 0x0000021fe2d3a6a8]
Event: 1.276 Thread 0x0000021ff1932630 nmethod 2063 0x0000021fe2d3a890 code [0x0000021fe2d3ab60, 0x0000021fe2d3b328]
Event: 1.277 Thread 0x0000021ff1932630 2066       1       java.util.jar.JarFile$JarFileEntry::getName (5 bytes)
Event: 1.277 Thread 0x0000021ff1932630 nmethod 2066 0x0000021fe2d3bc10 code [0x0000021fe2d3bda0, 0x0000021fe2d3be78]
Event: 1.278 Thread 0x0000021ff1932630 2067       1       java.lang.Class::isAnnotation (17 bytes)
Event: 1.278 Thread 0x0000021ff1932630 nmethod 2067 0x0000021fe2d3bf10 code [0x0000021fe2d3c0a0, 0x0000021fe2d3c198]
Event: 1.282 Thread 0x0000021ff1932630 2068  s!   1       jdk.internal.loader.URLClassPath::getLoader (194 bytes)
Event: 1.283 Thread 0x0000021ff1932630 nmethod 2068 0x0000021fe2d3c210 code [0x0000021fe2d3c4e0, 0x0000021fe2d3d1e8]
Event: 1.288 Thread 0x0000021ff1932630 2069       1       jdk.internal.loader.AbstractClassLoaderValue$Sub::equals (55 bytes)
Event: 1.288 Thread 0x0000021ff1b669b0 2070       1       java.nio.Buffer::<init> (105 bytes)
Event: 1.288 Thread 0x0000021ff1932630 nmethod 2069 0x0000021fe2d3dc10 code [0x0000021fe2d3ddc0, 0x0000021fe2d3e058]
Event: 1.288 Thread 0x0000021ff1a73410 2071       1       java.nio.ByteBuffer::limit (8 bytes)
Event: 1.288 Thread 0x0000021ff1a73410 nmethod 2071 0x0000021fe2d3e190 code [0x0000021fe2d3e320, 0x0000021fe2d3e408]
Event: 1.288 Thread 0x0000021ff1a73410 2072   !   1       jdk.internal.loader.AbstractClassLoaderValue::get (21 bytes)
Event: 1.288 Thread 0x0000021ff1b669b0 nmethod 2070 0x0000021fe2d3e490 code [0x0000021fe2d3e6c0, 0x0000021fe2d3ec38]
Event: 1.288 Thread 0x0000021ff1a73410 nmethod 2072 0x0000021fe2d3ef10 code [0x0000021fe2d3f0e0, 0x0000021fe2d3f328]

GC Heap History (6 events):
Event: 0.498 GC heap before
{Heap before GC invocations=0 (full 0):
 garbage-first heap   total 262144K, used 12288K [0x0000000701e00000, 0x0000000800000000)
  region size 2048K, 6 young (12288K), 0 survivors (0K)
 Metaspace       used 4411K, committed 4608K, reserved 1114112K
  class space    used 542K, committed 640K, reserved 1048576K
}
Event: 0.502 GC heap after
{Heap after GC invocations=1 (full 0):
 garbage-first heap   total 262144K, used 6085K [0x0000000701e00000, 0x0000000800000000)
  region size 2048K, 1 young (2048K), 1 survivors (2048K)
 Metaspace       used 4411K, committed 4608K, reserved 1114112K
  class space    used 542K, committed 640K, reserved 1048576K
}
Event: 0.723 GC heap before
{Heap before GC invocations=1 (full 0):
 garbage-first heap   total 262144K, used 16325K [0x0000000701e00000, 0x0000000800000000)
  region size 2048K, 6 young (12288K), 1 survivors (2048K)
 Metaspace       used 6825K, committed 6912K, reserved 1114112K
  class space    used 862K, committed 896K, reserved 1048576K
}
Event: 0.725 GC heap after
{Heap after GC invocations=2 (full 0):
 garbage-first heap   total 262144K, used 7201K [0x0000000701e00000, 0x0000000800000000)
  region size 2048K, 1 young (2048K), 1 survivors (2048K)
 Metaspace       used 6825K, committed 6912K, reserved 1114112K
  class space    used 862K, committed 896K, reserved 1048576K
}
Event: 1.112 GC heap before
{Heap before GC invocations=2 (full 0):
 garbage-first heap   total 262144K, used 29729K [0x0000000701e00000, 0x0000000800000000)
  region size 2048K, 12 young (24576K), 1 survivors (2048K)
 Metaspace       used 11423K, committed 11648K, reserved 1114112K
  class space    used 1550K, committed 1664K, reserved 1048576K
}
Event: 1.116 GC heap after
{Heap after GC invocations=3 (full 0):
 garbage-first heap   total 262144K, used 9336K [0x0000000701e00000, 0x0000000800000000)
  region size 2048K, 2 young (4096K), 2 survivors (4096K)
 Metaspace       used 11423K, committed 11648K, reserved 1114112K
  class space    used 1550K, committed 1664K, reserved 1048576K
}

Dll operation events (12 events):
Event: 0.013 Loaded shared library C:\Users\h013026\.jdks\corretto-17.0.7\bin\java.dll
Event: 0.025 Loaded shared library C:\Users\h013026\.jdks\corretto-17.0.7\bin\jsvml.dll
Event: 0.144 Loaded shared library C:\Users\h013026\.jdks\corretto-17.0.7\bin\zip.dll
Event: 0.147 Loaded shared library C:\Users\h013026\.jdks\corretto-17.0.7\bin\instrument.dll
Event: 0.155 Loaded shared library C:\Users\h013026\.jdks\corretto-17.0.7\bin\net.dll
Event: 0.159 Loaded shared library C:\Users\h013026\.jdks\corretto-17.0.7\bin\nio.dll
Event: 0.162 Loaded shared library C:\Users\h013026\.jdks\corretto-17.0.7\bin\zip.dll
Event: 0.246 Loaded shared library C:\Program Files\JetBrains\IntelliJ IDEA 2023.1\bin\breakgen64.dll
Event: 0.250 Loaded shared library C:\Users\h013026\.jdks\corretto-17.0.7\bin\jimage.dll
Event: 0.272 Loaded shared library C:\Users\h013026\.jdks\corretto-17.0.7\bin\management.dll
Event: 0.283 Loaded shared library C:\Users\h013026\.jdks\corretto-17.0.7\bin\management_ext.dll
Event: 1.157 Loaded shared library C:\Users\h013026\.jdks\corretto-17.0.7\bin\verify.dll

Deoptimization events (2 events):
Event: 1.203 Thread 0x0000021ff6599020 DEOPT PACKING pc=0x0000021fe2d18479 sp=0x0000004fc65fc930
Event: 1.203 Thread 0x0000021ff6599020 DEOPT UNPACKING pc=0x0000021fe2857143 sp=0x0000004fc65fbe10 mode 3

Classes unloaded (0 events):
No events

Classes redefined (0 events):
No events

Internal exceptions (20 events):
Event: 0.960 Thread 0x0000021ff6599020 Exception <a 'java/lang/NoSuchMethodError'{0x0000000710eb2170}: 'java.lang.Object java.lang.invoke.DirectMethodHandle$Holder.newInvokeSpecial(java.lang.Object, java.lang.Object, java.lang.Object, int, java.lang.Object)'> (0x0000000710eb2170) 
thrown [s\src\hotspot\share\interpreter\linkResolver.cpp, line 759]
Event: 0.961 Thread 0x0000021ff6599020 Exception <a 'java/lang/NoSuchMethodError'{0x0000000710eb9b40}: 'java.lang.Object java.lang.invoke.Invokers$Holder.linkToTargetMethod(java.lang.Object, java.lang.Object, int, java.lang.Object, java.lang.Object)'> (0x0000000710eb9b40) 
thrown [s\src\hotspot\share\interpreter\linkResolver.cpp, line 759]
Event: 0.962 Thread 0x0000021ff6599020 Exception <a 'java/lang/NoSuchMethodError'{0x0000000710ec9a00}: 'java.lang.Object java.lang.invoke.DirectMethodHandle$Holder.newInvokeSpecial(java.lang.Object, int, java.lang.Object)'> (0x0000000710ec9a00) 
thrown [s\src\hotspot\share\interpreter\linkResolver.cpp, line 759]
Event: 0.963 Thread 0x0000021ff6599020 Exception <a 'java/lang/NoSuchMethodError'{0x0000000710ece470}: 'int java.lang.invoke.DirectMethodHandle$Holder.invokeSpecialIFC(java.lang.Object, java.lang.Object, java.lang.Object, java.lang.Object)'> (0x0000000710ece470) 
thrown [s\src\hotspot\share\interpreter\linkResolver.cpp, line 759]
Event: 0.990 Thread 0x0000021ff6599020 Exception <a 'java/lang/NoSuchMethodError'{0x0000000710c10da0}: 'void java.lang.invoke.DirectMethodHandle$Holder.invokeInterface(java.lang.Object, java.lang.Object, java.lang.Object)'> (0x0000000710c10da0) 
thrown [s\src\hotspot\share\interpreter\linkResolver.cpp, line 759]
Event: 1.029 Thread 0x0000021ff6599020 Exception <a 'java/lang/NoSuchMethodError'{0x0000000710aa3870}: 'void java.lang.invoke.DirectMethodHandle$Holder.invokeStatic(java.lang.Object, java.lang.Object, int)'> (0x0000000710aa3870) 
thrown [s\src\hotspot\share\interpreter\linkResolver.cpp, line 759]
Event: 1.031 Thread 0x0000021ff6599020 Exception <a 'java/lang/NoSuchMethodError'{0x0000000710aab688}: 'void java.lang.invoke.DirectMethodHandle$Holder.invokeStaticInit(java.lang.Object, java.lang.Object)'> (0x0000000710aab688) 
thrown [s\src\hotspot\share\interpreter\linkResolver.cpp, line 759]
Event: 1.032 Thread 0x0000021ff66ae2f0 Exception <a 'java/lang/NoSuchMethodError'{0x0000000710a96980}: static [B.<clinit>()V> (0x0000000710a96980) 
thrown [s\src\hotspot\share\prims\jni.cpp, line 1107]
Event: 1.033 Thread 0x0000021ff6599020 Exception <a 'java/lang/NoSuchMethodError'{0x0000000710ab9988}: 'void java.lang.invoke.DirectMethodHandle$Holder.invokeStaticInit(java.lang.Object, java.lang.Object, java.lang.Object)'> (0x0000000710ab9988) 
thrown [s\src\hotspot\share\interpreter\linkResolver.cpp, line 759]
Event: 1.040 Thread 0x0000021ff6599020 Exception <a 'java/lang/NoSuchMethodError'{0x0000000710b12d08}: 'java.lang.Object java.lang.invoke.DirectMethodHandle$Holder.invokeStatic(java.lang.Object, java.lang.Object, long, java.lang.Object)'> (0x0000000710b12d08) 
thrown [s\src\hotspot\share\interpreter\linkResolver.cpp, line 759]
Event: 1.040 Thread 0x0000021ff6599020 Exception <a 'java/lang/NoSuchMethodError'{0x0000000710b167a0}: 'java.lang.Object java.lang.invoke.DirectMethodHandle$Holder.invokeStaticInit(java.lang.Object, java.lang.Object, long, java.lang.Object)'> (0x0000000710b167a0) 
thrown [s\src\hotspot\share\interpreter\linkResolver.cpp, line 759]
Event: 1.041 Thread 0x0000021ff670b9b0 Exception <a 'java/lang/NoSuchMethodError'{0x0000000710b59e18}: 'java.lang.Object java.lang.invoke.Invokers$Holder.linkToTargetMethod(java.lang.Object, long, java.lang.Object)'> (0x0000000710b59e18) 
thrown [s\src\hotspot\share\interpreter\linkResolver.cpp, line 759]
Event: 1.041 Thread 0x0000021ff6599020 Exception <a 'java/lang/NoSuchMethodError'{0x0000000710b1cdb0}: 'java.lang.Object java.lang.invoke.DirectMethodHandle$Holder.newInvokeSpecial(java.lang.Object, java.lang.Object, long)'> (0x0000000710b1cdb0) 
thrown [s\src\hotspot\share\interpreter\linkResolver.cpp, line 759]
Event: 1.041 Thread 0x0000021ff66ae2f0 Exception <a 'java/lang/ClassNotFoundException'{0x0000000710b3a010}: javax/management/remote/rmi/RMIConnectionImpl_Skel> (0x0000000710b3a010) 
thrown [s\src\hotspot\share\classfile\systemDictionary.cpp, line 256]
Event: 1.051 Thread 0x0000021ff66ae2f0 Exception <a 'java/lang/reflect/InvocationTargetException'{0x0000000710be4078}> (0x0000000710be4078) 
thrown [s\src\hotspot\share\runtime\reflection.cpp, line 1121]
Event: 1.053 Thread 0x0000021ff6599020 Exception <a 'java/lang/NoSuchMethodError'{0x0000000710bfde60}: 'void java.lang.invoke.DirectMethodHandle$Holder.invokeVirtual(java.lang.Object, java.lang.Object, java.lang.Object, java.lang.Object)'> (0x0000000710bfde60) 
thrown [s\src\hotspot\share\interpreter\linkResolver.cpp, line 759]
Event: 1.054 Thread 0x0000021ff66ae2f0 Exception <a 'java/lang/NoSuchMethodError'{0x0000000710827920}: static [Ljava/lang/StackTraceElement;.<clinit>()V> (0x0000000710827920) 
thrown [s\src\hotspot\share\prims\jni.cpp, line 1107]
Event: 1.086 Thread 0x0000021ff6599020 Exception <a 'java/lang/NoSuchMethodError'{0x00000007109c37f8}: 'void java.lang.invoke.DirectMethodHandle$Holder.invokeSpecial(java.lang.Object, java.lang.Object, java.lang.Object)'> (0x00000007109c37f8) 
thrown [s\src\hotspot\share\interpreter\linkResolver.cpp, line 759]
Event: 1.086 Thread 0x0000021ff6599020 Exception <a 'java/lang/NoSuchMethodError'{0x00000007109c9dd0}: 'void java.lang.invoke.DirectMethodHandle$Holder.invokeSpecial(java.lang.Object, java.lang.Object, java.lang.Object, java.lang.Object, java.lang.Object)'> (0x00000007109c9dd0) 
thrown [s\src\hotspot\share\interpreter\linkResolver.cpp, line 759]
Event: 1.092 Thread 0x0000021ff6599020 Exception <a 'java/lang/IncompatibleClassChangeError'{0x0000000710615e20}: Found class java.lang.Object, but interface was expected> (0x0000000710615e20) 
thrown [s\src\hotspot\share\interpreter\linkResolver.cpp, line 826]

VM Operations (20 events):
Event: 0.789 Executing VM operation: HandshakeAllThreads
Event: 0.789 Executing VM operation: HandshakeAllThreads done
Event: 0.940 Executing VM operation: HandshakeAllThreads
Event: 0.940 Executing VM operation: HandshakeAllThreads done
Event: 1.040 Executing VM operation: HandshakeAllThreads
Event: 1.040 Executing VM operation: HandshakeAllThreads done
Event: 1.055 Executing VM operation: ICBufferFull
Event: 1.055 Executing VM operation: ICBufferFull done
Event: 1.079 Executing VM operation: HandshakeAllThreads
Event: 1.079 Executing VM operation: HandshakeAllThreads done
Event: 1.083 Executing VM operation: HandshakeAllThreads
Event: 1.083 Executing VM operation: HandshakeAllThreads done
Event: 1.112 Executing VM operation: G1CollectForAllocation
Event: 1.116 Executing VM operation: G1CollectForAllocation done
Event: 1.173 Executing VM operation: HandshakeAllThreads
Event: 1.173 Executing VM operation: HandshakeAllThreads done
Event: 1.246 Executing VM operation: HandshakeAllThreads
Event: 1.246 Executing VM operation: HandshakeAllThreads done
Event: 1.282 Executing VM operation: HandshakeAllThreads
Event: 1.282 Executing VM operation: HandshakeAllThreads done

Events (20 events):
Event: 1.268 loading class java/beans/BeanInfo
Event: 1.268 loading class java/beans/BeanInfo done
Event: 1.270 loading class java/beans/MethodRef
Event: 1.270 loading class java/beans/MethodRef done
Event: 1.270 loading class java/beans/SimpleBeanInfo
Event: 1.271 loading class java/beans/SimpleBeanInfo done
Event: 1.271 loading class com/sun/beans/TypeResolver
Event: 1.271 loading class com/sun/beans/TypeResolver done
Event: 1.272 loading class com/sun/beans/WeakCache
Event: 1.272 loading class com/sun/beans/WeakCache done
Event: 1.272 loading class com/sun/beans/WildcardTypeImpl
Event: 1.272 loading class com/sun/beans/WildcardTypeImpl done
Event: 1.272 loading class java/util/AbstractList$ListItr
Event: 1.272 loading class java/util/AbstractList$ListItr done
Event: 1.281 loading class java/lang/invoke/DirectMethodHandle$Special
Event: 1.281 loading class java/lang/invoke/DirectMethodHandle$Special done
Event: 1.284 loading class java/net/SocketException
Event: 1.284 loading class java/net/SocketException done
Event: 1.289 loading class jdk/internal/loader/BootLoader$PackageHelper
Event: 1.289 loading class jdk/internal/loader/BootLoader$PackageHelper done


Dynamic libraries:
0x00007ff623620000 - 0x00007ff62362d000 	C:\Users\h013026\.jdks\corretto-17.0.7\bin\java.exe
0x00007ff8c5450000 - 0x00007ff8c5646000 	C:\WINDOWS\SYSTEM32\ntdll.dll
0x00007ff8c4930000 - 0x00007ff8c49ed000 	C:\WINDOWS\System32\KERNEL32.DLL
0x00007ff8c2dd0000 - 0x00007ff8c3099000 	C:\WINDOWS\System32\KERNELBASE.dll
0x00007ff8c3250000 - 0x00007ff8c3350000 	C:\WINDOWS\System32\ucrtbase.dll
0x00007ff884c00000 - 0x00007ff884c17000 	C:\Users\h013026\.jdks\corretto-17.0.7\bin\jli.dll
0x00007ff893590000 - 0x00007ff8935a5000 	C:\Users\h013026\.jdks\corretto-17.0.7\bin\VCRUNTIME140.dll
0x00007ff8c34b0000 - 0x00007ff8c3650000 	C:\WINDOWS\System32\USER32.dll
0x00007ff8c2c40000 - 0x00007ff8c2c62000 	C:\WINDOWS\System32\win32u.dll
0x00007ff8a6250000 - 0x00007ff8a64eb000 	C:\WINDOWS\WinSxS\amd64_microsoft.windows.common-controls_6595b64144ccf1df_6.0.19041.488_none_ca04af081b815d21\COMCTL32.dll
0x00007ff8c3b40000 - 0x00007ff8c3b6a000 	C:\WINDOWS\System32\GDI32.dll
0x00007ff8c30a0000 - 0x00007ff8c31a9000 	C:\WINDOWS\System32\gdi32full.dll
0x00007ff8c4a10000 - 0x00007ff8c4aae000 	C:\WINDOWS\System32\msvcrt.dll
0x00007ff8c31b0000 - 0x00007ff8c324d000 	C:\WINDOWS\System32\msvcp_win.dll
0x00007ff8c4870000 - 0x00007ff8c48a0000 	C:\WINDOWS\System32\IMM32.DLL
0x00007ff86f7b0000 - 0x00007ff86f854000 	C:\Program Files\McAfee\Endpoint Security\Threat Prevention\Ips\EpMPApi.dll
0x00007ff8c4b30000 - 0x00007ff8c4c5b000 	C:\WINDOWS\System32\RPCRT4.dll
0x00007ff8c3b80000 - 0x00007ff8c3c2c000 	C:\WINDOWS\System32\ADVAPI32.dll
0x00007ff8c38b0000 - 0x00007ff8c394c000 	C:\WINDOWS\System32\sechost.dll
0x00007ff8c3400000 - 0x00007ff8c3460000 	C:\WINDOWS\System32\WINTRUST.dll
0x00007ff8c2c70000 - 0x00007ff8c2dcd000 	C:\WINDOWS\System32\CRYPT32.dll
0x00007ff8c2780000 - 0x00007ff8c2792000 	C:\WINDOWS\SYSTEM32\MSASN1.dll
0x00000000776c0000 - 0x00000000776cc000 	C:\Program Files\McAfee\Endpoint Security\Threat Prevention\Ips\EpMPThe.dll
0x00007ff86e7c0000 - 0x00007ff86e81b000 	C:\Program Files\McAfee\Endpoint Security\Threat Prevention\Ips\HIPHandlers64.dll
0x00007ff8c3dc0000 - 0x00007ff8c4502000 	C:\WINDOWS\System32\SHELL32.dll
0x00007ff8c3d60000 - 0x00007ff8c3db5000 	C:\WINDOWS\System32\SHLWAPI.dll
0x00007ff8ad890000 - 0x00007ff8ada74000 	C:\WINDOWS\SYSTEM32\dbghelp.dll
0x00007ff851a30000 - 0x00007ff851acb000 	C:\Users\h013026\.jdks\corretto-17.0.7\bin\msvcp140.dll
0x00007ff849d40000 - 0x00007ff84a95a000 	C:\Users\h013026\.jdks\corretto-17.0.7\bin\server\jvm.dll
0x00007ff8b00d0000 - 0x00007ff8b00f7000 	C:\WINDOWS\SYSTEM32\WINMM.dll
0x00007ff8a26d0000 - 0x00007ff8a26d9000 	C:\WINDOWS\SYSTEM32\WSOCK32.dll
0x00007ff8ba800000 - 0x00007ff8ba80a000 	C:\WINDOWS\SYSTEM32\VERSION.dll
0x0000021fda8e0000 - 0x0000021fda94b000 	C:\WINDOWS\System32\WS2_32.dll
0x00007ff8c1450000 - 0x00007ff8c1462000 	C:\WINDOWS\SYSTEM32\kernel.appcore.dll
0x00007ff89d860000 - 0x00007ff89d86a000 	C:\Users\h013026\.jdks\corretto-17.0.7\bin\jimage.dll
0x00007ff8a1de0000 - 0x00007ff8a1e0c000 	C:\WINDOWS\SYSTEM32\dbgcore.DLL
0x00007ff8c2bc0000 - 0x00007ff8c2c40000 	C:\WINDOWS\System32\bcryptPrimitives.dll
0x00007ff8bea20000 - 0x00007ff8bea2e000 	C:\Users\h013026\.jdks\corretto-17.0.7\bin\instrument.dll
0x00007ff879040000 - 0x00007ff879065000 	C:\Users\h013026\.jdks\corretto-17.0.7\bin\java.dll
0x00007ff8510a0000 - 0x00007ff851176000 	C:\Users\h013026\.jdks\corretto-17.0.7\bin\jsvml.dll
0x00007ff8c0c70000 - 0x00007ff8c1405000 	C:\WINDOWS\SYSTEM32\windows.storage.dll
0x00007ff8c4510000 - 0x00007ff8c4866000 	C:\WINDOWS\System32\combase.dll
0x00007ff8c2460000 - 0x00007ff8c248c000 	C:\WINDOWS\SYSTEM32\Wldp.dll
0x00007ff8c3950000 - 0x00007ff8c39fe000 	C:\WINDOWS\System32\SHCORE.dll
0x00007ff8c2ac0000 - 0x00007ff8c2ae6000 	C:\WINDOWS\SYSTEM32\profapi.dll
0x00007ff8772b0000 - 0x00007ff8772c8000 	C:\Users\h013026\.jdks\corretto-17.0.7\bin\zip.dll
0x00007ff87b810000 - 0x00007ff87b829000 	C:\Users\h013026\.jdks\corretto-17.0.7\bin\net.dll
0x00007ff8bb500000 - 0x00007ff8bb600000 	C:\WINDOWS\SYSTEM32\WINHTTP.dll
0x00007ff8c2250000 - 0x00007ff8c22ba000 	C:\WINDOWS\system32\mswsock.dll
0x00007ff887150000 - 0x00007ff887165000 	C:\Users\h013026\.jdks\corretto-17.0.7\bin\nio.dll
0x00007ff8bea00000 - 0x00007ff8bea1a000 	C:\Program Files\JetBrains\IntelliJ IDEA 2023.1\bin\breakgen64.dll
0x00007ff8c1fa0000 - 0x00007ff8c206b000 	C:\WINDOWS\SYSTEM32\DNSAPI.dll
0x00007ff8c1f60000 - 0x00007ff8c1f9b000 	C:\WINDOWS\SYSTEM32\IPHLPAPI.DLL
0x00007ff8c3b70000 - 0x00007ff8c3b78000 	C:\WINDOWS\System32\NSI.dll
0x00007ff8bbe30000 - 0x00007ff8bbe3a000 	C:\Windows\System32\rasadhlp.dll
0x00007ff8bd7a0000 - 0x00007ff8bd81f000 	C:\WINDOWS\System32\fwpuclnt.dll
0x00007ff8c2b90000 - 0x00007ff8c2bb7000 	C:\WINDOWS\System32\bcrypt.dll
0x00007ff899430000 - 0x00007ff899439000 	C:\Users\h013026\.jdks\corretto-17.0.7\bin\management.dll
0x00007ff899420000 - 0x00007ff89942b000 	C:\Users\h013026\.jdks\corretto-17.0.7\bin\management_ext.dll
0x00007ff8c4b20000 - 0x00007ff8c4b28000 	C:\WINDOWS\System32\PSAPI.DLL
0x00007ff8c24a0000 - 0x00007ff8c24b8000 	C:\WINDOWS\SYSTEM32\CRYPTSP.dll
0x00007ff8c1c00000 - 0x00007ff8c1c34000 	C:\WINDOWS\system32\rsaenh.dll
0x00007ff8c2a80000 - 0x00007ff8c2aae000 	C:\WINDOWS\SYSTEM32\USERENV.dll
0x00007ff8c23d0000 - 0x00007ff8c23dc000 	C:\WINDOWS\SYSTEM32\CRYPTBASE.dll
0x00007ff8bd670000 - 0x00007ff8bd687000 	C:\WINDOWS\SYSTEM32\dhcpcsvc6.DLL
0x00007ff8bd650000 - 0x00007ff8bd66d000 	C:\WINDOWS\SYSTEM32\dhcpcsvc.DLL
0x00007ff8a59a0000 - 0x00007ff8a59b7000 	C:\WINDOWS\system32\napinsp.dll
0x00007ff8a5980000 - 0x00007ff8a599b000 	C:\WINDOWS\system32\pnrpnsp.dll
0x00007ff8bda80000 - 0x00007ff8bda95000 	C:\WINDOWS\system32\wshbth.dll
0x00007ff8be760000 - 0x00007ff8be77d000 	C:\WINDOWS\system32\NLAapi.dll
0x00007ff8a5a00000 - 0x00007ff8a5a12000 	C:\WINDOWS\System32\winrnr.dll
0x00007ff887070000 - 0x00007ff887080000 	C:\Users\h013026\.jdks\corretto-17.0.7\bin\verify.dll

dbghelp: loaded successfully - version: 4.0.5 - missing functions: none
symbol engine: initialized successfully - sym options: 0x614 - pdb path: .;C:\Users\h013026\.jdks\corretto-17.0.7\bin;C:\WINDOWS\SYSTEM32;C:\WINDOWS\WinSxS\amd64_microsoft.windows.common-controls_6595b64144ccf1df_6.0.19041.488_none_ca04af081b815d21;C:\Program Files\McAfee\Endpoint Security\Threat Prevention\Ips;C:\Users\h013026\.jdks\corretto-17.0.7\bin\server;C:\Program Files\JetBrains\IntelliJ IDEA 2023.1\bin

VM Arguments:
jvm_args: -XX:TieredStopAtLevel=1 -Dspring.output.ansi.enabled=always -Dcom.sun.management.jmxremote -Dspring.jmx.enabled=true -Dspring.liveBeansView.mbeanDomain -Dspring.application.admin.enabled=true -Dmanagement.endpoints.jmx.exposure.include=* -javaagent:C:\Program Files\JetBrains\IntelliJ IDEA 2023.1\lib\idea_rt.jar=31949:C:\Program Files\JetBrains\IntelliJ IDEA 2023.1\bin -Dfile.encoding=UTF-8 
java_command: hspm.sp.api.ApiApplication
java_class_path (initial): G:\OneDrive - Default Directory\OneDrive - rede.sp\Worspace_Agendamento_API\api\target\classes;C:\Users\h013026\.m2\repository\org\springframework\boot\spring-boot-starter-data-jpa\3.0.6\spring-boot-starter-data-jpa-3.0.6.jar;C:\Users\h013026\.m2\repository\org\springframework\boot\spring-boot-starter-aop\3.0.6\spring-boot-starter-aop-3.0.6.jar;C:\Users\h013026\.m2\repository\org\springframework\spring-aop\6.0.8\spring-aop-6.0.8.jar;C:\Users\h013026\.m2\repository\org\aspectj\aspectjweaver\1.9.19\aspectjweaver-1.9.19.jar;C:\Users\h013026\.m2\repository\org\springframework\boot\spring-boot-starter-jdbc\3.0.6\spring-boot-starter-jdbc-3.0.6.jar;C:\Users\h013026\.m2\repository\com\zaxxer\HikariCP\5.0.1\HikariCP-5.0.1.jar;C:\Users\h013026\.m2\repository\org\springframework\spring-jdbc\6.0.8\spring-jdbc-6.0.8.jar;C:\Users\h013026\.m2\repository\org\hibernate\orm\hibernate-core\6.1.7.Final\hibernate-core-6.1.7.Final.jar;C:\Users\h013026\.m2\repository\jakarta\persistence\jakarta.persistence-api\3.1.0\jakarta.persistence-api-3.1.0.jar;C:\Users\h013026\.m2\repository\jakarta\transaction\jakarta.transaction-api\2.0.1\jakarta.transaction-api-2.0.1.jar;C:\Users\h013026\.m2\repository\org\jboss\logging\jboss-logging\3.5.0.Final\jboss-logging-3.5.0.Final.jar;C:\Users\h013026\.m2\repository\org\hibernate\common\hibernate-commons-annotations\6.0.6.Final\hibernate-commons-annotations-6.0.6.Final.jar;C:\Users\h013026\.m2\repository\org\jboss\jandex\2.4.2.Final\jandex-2.4.2.Final.jar;C:\Users\h013026\.m2\repository\com\fasterxml\classmate\1.5.1\classmate-1.5.1.jar;C:\Users\h013026\.m2\repository\net\bytebuddy\byte-buddy\1.12.23\byte-buddy-1.12.23.jar;C:\Users\h013026\.m2\repository\org\glassfish\jaxb\jaxb-runtime\4.0.2\jaxb-runtime-4.0.2.jar;C:\Users\h013026\.m2\repository\org\glassfish\jaxb\jaxb-core\4.0.2\jaxb-core-4.0.2.jar;C:\Users\h013026\.m2\repository\org\eclipse\angus\angus-activation\2.0.0\angus-activation-2.0.0.jar;C:\Users\h013026\.m2\repository
Launcher Type: SUN_STANDARD

[Global flags]
     intx CICompilerCount                          = 3                                         {product} {ergonomic}
     uint ConcGCThreads                            = 1                                         {product} {ergonomic}
     uint G1ConcRefinementThreads                  = 4                                         {product} {ergonomic}
   size_t G1HeapRegionSize                         = 2097152                                   {product} {ergonomic}
    uintx GCDrainStackTargetSize                   = 64                                        {product} {ergonomic}
   size_t InitialHeapSize                          = 268435456                                 {product} {ergonomic}
     bool ManagementServer                         = true                                      {product} {command line}
   size_t MarkStackSize                            = 4194304                                   {product} {ergonomic}
   size_t MaxHeapSize                              = 4263510016                                {product} {ergonomic}
   size_t MaxNewSize                               = 2556428288                                {product} {ergonomic}
   size_t MinHeapDeltaBytes                        = 2097152                                   {product} {ergonomic}
   size_t MinHeapSize                              = 8388608                                   {product} {ergonomic}
    uintx NonProfiledCodeHeapSize                  = 0                                      {pd product} {ergonomic}
     bool ProfileInterpreter                       = false                                  {pd product} {command line}
    uintx ProfiledCodeHeapSize                     = 0                                      {pd product} {ergonomic}
   size_t SoftMaxHeapSize                          = 4263510016                             {manageable} {ergonomic}
     intx TieredStopAtLevel                        = 1                                         {product} {command line}
     bool UseCompressedClassPointers               = true                           {product lp64_product} {ergonomic}
     bool UseCompressedOops                        = true                           {product lp64_product} {ergonomic}
     bool UseG1GC                                  = true                                      {product} {ergonomic}
     bool UseLargePagesIndividualAllocation        = false                                  {pd product} {ergonomic}

Logging:
Log output configuration:
 #0: stdout all=warning uptime,level,tags
 #1: stderr all=off uptime,level,tags

Environment Variables:
JAVA_HOME=C:\Program Files\AdoptOpenJDK\jdk-11.0.9.101-hotspot\
PATH=C:\Python311\Scripts\;C:\Python311\;C:\Program Files\Microsoft MPI\Bin\;C:\Windows\system32;C:\Windows;C:\Windows\System32\Wbem;C:\Windows\System32\WindowsPowerShell\v1.0\;C:\Program Files\SourceGear\Common\DiffMerge\;C:\Program Files\Microsoft SQL Server\130\Tools\Binn\;C:\Program Files\PostgreSQL\10\bin;C:\Program Files\PostgreSQL\10\lib;C:\Program Files\Microsoft VS Code\bin;C:\Program Files\MongoDB\Server\4.0\bin;C:\Program Files\RStudio\bin;C:\Program Files\R\R-3.5.3\bin;C:\ProgramData\chocolatey\bin;C:\Program Files (x86)\vim\vim80;C:\apache-maven-3.6.3\bin;C:\Program Files (x86)\Microsoft SQL Server\100\Tools\Binn\;C:\Program Files\Microsoft SQL Server\100\Tools\Binn\;C:\Program Files\Microsoft SQL Server\100\DTS\Binn\;C:\Program Files (x86)\Microsoft SQL Server\100\Tools\Binn\VSShell\Common7\IDE\;C:\Program Files (x86)\Microsoft SQL Server\100\DTS\Binn\;C:\Program Files (x86)\Microsoft Visual Studio 9.0\Common7\IDE\PrivateAssemblies\;C:\WINDOWS\system32;C:\WINDOWS;C:\WINDOWS\System32\Wbem;C:\WINDOWS\System32\WindowsPowerShell\v1.0\;C:\WINDOWS\System32\OpenSSH\;c:\Program Files (x86)\Microsoft SQL Server\110\Tools\Binn\;c:\Program Files\Microsoft SQL Server\110\Tools\Binn\;c:\Program Files\Microsoft SQL Server\110\DTS\Binn\;C:\Users\h013026\Anaconda3\Scripts;C:\Program Files\Microsoft SQL Server\Client SDK\ODBC\170\Tools\Binn\;C:\Users\h013026\.sdkman\bin;C:\flyway-8.0.0-beta3;C:\Program Files\PuTTY\;C:\Program Files\GitHub CLI\;C:\Program Files (x86)\Microsoft SQL Server\150\DTS\Binn\;C:\Program Files\Azure Data Studio\bin;C:\Program Files\dotnet\;C:\Program Files\Microsoft SQL Server\150\Tools\Binn\;C:\Program Files\Git\cmd;C:\Program Files\AdoptOpenJDK\jdk-11.0.9.101-hotspot\bin;C:\Program Files\AdoptOpenJDK\jdk-11.0.9.101-hotspot\\bin;C:\Program Files\nodejs\;C:\Program Files\Docker\Docker\resources\bin;C:\Program Files\Microsoft MPI\Bin\;C:\Windows\system32;C:\Windows;C:\Windows\System32\Wbem;C:\Windows\System32\WindowsPowerShell\v1.0\;c:\Program Files
USERNAME=h013026
DISPLAY=needs-to-be-defined
OS=Windows_NT
PROCESSOR_IDENTIFIER=Intel64 Family 6 Model 94 Stepping 3, GenuineIntel
TMP=C:\Users\h013026\AppData\Local\Temp
TEMP=C:\Users\h013026\AppData\Local\Temp



---------------  S Y S T E M  ---------------

OS:
 Windows 10 , 64 bit Build 19041 (10.0.19041.662)
OS uptime: 0 days 2:57 hours
Hyper-V role detected

CPU: total 4 (initial active 4) (4 cores per cpu, 1 threads per core) family 6 model 94 stepping 3 microcode 0xd6, cx8, cmov, fxsr, mmx, 3dnowpref, sse, sse2, sse3, ssse3, sse4.1, sse4.2, popcnt, lzcnt, tsc, tscinvbit, avx, avx2, aes, erms, clmul, bmi1, bmi2, rtm, adx, fma, vzeroupper, clflush, clflushopt, hv

Memory: 4k page, system-wide physical 16263M (3328M free)
TotalPageFile size 18167M (AvailPageFile size 3M)
current process WorkingSet (physical memory assigned to process): 97M, peak: 97M
current process commit charge ("private bytes"): 361M, peak: 361M

vm_info: OpenJDK 64-Bit Server VM (17.0.7+7-LTS) for windows-amd64 JRE (17.0.7+7-LTS), built on Apr 14 2023 01:39:21 by "Administrator" with MS VC++ 15.9 (VS2017)

END.
