#
# There is insufficient memory for the Java Runtime Environment to continue.
# Native memory allocation (mmap) failed to map 65536 bytes for Failed to commit metaspace.
# Possible reasons:
#   The system is out of physical RAM or swap space
#   The process is running with CompressedOops enabled, and the Java Heap may be blocking the growth of the native heap
# Possible solutions:
#   Reduce memory load on the system
#   Increase physical memory or swap space
#   Check if swap backing store is full
#   Decrease Java heap size (-Xmx/-Xms)
#   Decrease number of Java threads
#   Decrease Java thread stack sizes (-Xss)
#   Set larger code cache with -XX:ReservedCodeCacheSize=
#   JVM is running with Zero Based Compressed Oops mode in which the Java heap is
#     placed in the first 32GB address space. The Java Heap base address is the
#     maximum limit for the native heap growth. Please use -XX:HeapBaseMinAddress
#     to set the Java Heap base and to place the Java Heap above 32GB virtual address.
# This output file may be truncated or incomplete.
#
#  Out of Memory Error (virtualSpaceNode.cpp:110), pid=6900, tid=12368
#
# JRE version: OpenJDK Runtime Environment Corretto-17.0.7.7.1 (17.0.7+7) (build 17.0.7+7-LTS)
# Java VM: OpenJDK 64-Bit Server VM Corretto-17.0.7.7.1 (17.0.7+7-LTS, mixed mode, emulated-client, sharing, tiered, compressed oops, compressed class ptrs, g1 gc, windows-amd64)
# No core dump will be written. Minidumps are not enabled by default on client versions of Windows
#

---------------  S U M M A R Y ------------

Command Line: -XX:TieredStopAtLevel=1 -Dspring.output.ansi.enabled=always -Dcom.sun.management.jmxremote -Dspring.jmx.enabled=true -Dspring.liveBeansView.mbeanDomain -Dspring.application.admin.enabled=true -Dmanagement.endpoints.jmx.exposure.include=* -javaagent:C:\Program Files\JetBrains\IntelliJ IDEA 2023.1\lib\idea_rt.jar=9051:C:\Program Files\JetBrains\IntelliJ IDEA 2023.1\bin -Dfile.encoding=UTF-8 hspm.sp.api.ApiApplication

Host: Intel(R) Core(TM) i5-6500 CPU @ 3.20GHz, 4 cores, 15G,  Windows 10 , 64 bit Build 19041 (10.0.19041.662)
Time: Tue Jun 13 17:01:14 2023 E. South America Standard Time elapsed time: 0.952230 seconds (0d 0h 0m 0s)

---------------  T H R E A D  ---------------

Current thread (0x000002c6a0599000):  JavaThread "restartedMain" [_thread_in_vm, id=12368, stack(0x000000d7e4300000,0x000000d7e4400000)]

Stack: [0x000000d7e4300000,0x000000d7e4400000]
Native frames: (J=compiled Java code, j=interpreted, Vv=VM code, C=native code)
V  [jvm.dll+0x64b53a]
V  [jvm.dll+0x7fef54]
V  [jvm.dll+0x80070e]
V  [jvm.dll+0x800d63]
V  [jvm.dll+0x236a2b]
V  [jvm.dll+0x7fb02b]
V  [jvm.dll+0x5f27d6]
V  [jvm.dll+0x1b5f2e]
V  [jvm.dll+0x5f5024]
V  [jvm.dll+0x5f318d]
V  [jvm.dll+0x23442c]
V  [jvm.dll+0x6a0588]
V  [jvm.dll+0x6a0faf]
V  [jvm.dll+0x35cfa3]
V  [jvm.dll+0x35c104]
V  [jvm.dll+0x35c0a8]
V  [jvm.dll+0x36bd1a]
C  0x000002c68c0d998e

Java frames: (J=compiled Java code, j=interpreted, Vv=VM code)
j  org.springframework.boot.context.properties.source.SpringIterableConfigurationPropertySource.createMappings()Lorg/springframework/boot/context/properties/source/SpringIterableConfigurationPropertySource$Mappings;+0
j  org.springframework.boot.context.properties.source.SpringIterableConfigurationPropertySource$$Lambda$168+0x000000080112b358.get()Ljava/lang/Object;+4
j  org.springframework.boot.context.properties.source.SoftReferenceConfigurationPropertyCache.get(Ljava/util/function/Supplier;Ljava/util/function/UnaryOperator;)Ljava/lang/Object;+11
j  org.springframework.boot.context.properties.source.SpringIterableConfigurationPropertySource.getMappings()Lorg/springframework/boot/context/properties/source/SpringIterableConfigurationPropertySource$Mappings;+16
j  org.springframework.boot.context.properties.source.SpringIterableConfigurationPropertySource.getConfigurationProperty(Lorg/springframework/boot/context/properties/source/ConfigurationPropertyName;)Lorg/springframework/boot/context/properties/source/ConfigurationProperty;+19
j  org.springframework.boot.context.properties.source.ConfigurationPropertySourcesPropertySource.findConfigurationProperty(Lorg/springframework/boot/context/properties/source/ConfigurationPropertyName;)Lorg/springframework/boot/context/properties/source/ConfigurationProperty;+40
j  org.springframework.boot.context.properties.source.ConfigurationPropertySourcesPropertySource.findConfigurationProperty(Ljava/lang/String;)Lorg/springframework/boot/context/properties/source/ConfigurationProperty;+6
j  org.springframework.boot.context.properties.source.ConfigurationPropertySourcesPropertySource.getProperty(Ljava/lang/String;)Ljava/lang/Object;+2
j  org.springframework.boot.env.SpringApplicationJsonEnvironmentPostProcessor$JsonPropertyValue.get(Lorg/springframework/core/env/PropertySource;)Lorg/springframework/boot/env/SpringApplicationJsonEnvironmentPostProcessor$JsonPropertyValue;+22
j  org.springframework.boot.env.SpringApplicationJsonEnvironmentPostProcessor$$Lambda$164+0x0000000801128d20.apply(Ljava/lang/Object;)Ljava/lang/Object;+4
J 1163 c1 java.util.stream.ReferencePipeline$3$1.accept(Ljava/lang/Object;)V java.base@17.0.7 (23 bytes) @ 0x000002c68c49611c [0x000002c68c4960c0+0x000000000000005c]
j  java.util.Spliterators$ArraySpliterator.tryAdvance(Ljava/util/function/Consumer;)Z+49 java.base@17.0.7
j  java.util.stream.ReferencePipeline.forEachWithCancel(Ljava/util/Spliterator;Ljava/util/stream/Sink;)Z+13 java.base@17.0.7
j  java.util.stream.AbstractPipeline.copyIntoWithCancel(Ljava/util/stream/Sink;Ljava/util/Spliterator;)Z+32 java.base@17.0.7
j  java.util.stream.AbstractPipeline.copyInto(Ljava/util/stream/Sink;Ljava/util/Spliterator;)V+49 java.base@17.0.7
j  java.util.stream.AbstractPipeline.wrapAndCopyInto(Ljava/util/stream/Sink;Ljava/util/Spliterator;)Ljava/util/stream/Sink;+13 java.base@17.0.7
j  java.util.stream.FindOps$FindOp.evaluateSequential(Ljava/util/stream/PipelineHelper;Ljava/util/Spliterator;)Ljava/lang/Object;+14 java.base@17.0.7
j  java.util.stream.AbstractPipeline.evaluate(Ljava/util/stream/TerminalOp;)Ljava/lang/Object;+88 java.base@17.0.7
j  java.util.stream.ReferencePipeline.findFirst()Ljava/util/Optional;+5 java.base@17.0.7
j  org.springframework.boot.env.SpringApplicationJsonEnvironmentPostProcessor.postProcessEnvironment(Lorg/springframework/core/env/ConfigurableEnvironment;Lorg/springframework/boot/SpringApplication;)V+31
j  org.springframework.boot.env.EnvironmentPostProcessorApplicationListener.onApplicationEnvironmentPreparedEvent(Lorg/springframework/boot/context/event/ApplicationEnvironmentPreparedEvent;)V+55
j  org.springframework.boot.env.EnvironmentPostProcessorApplicationListener.onApplicationEvent(Lorg/springframework/context/ApplicationEvent;)V+14
j  org.springframework.context.event.SimpleApplicationEventMulticaster.doInvokeListener(Lorg/springframework/context/ApplicationListener;Lorg/springframework/context/ApplicationEvent;)V+2
j  org.springframework.context.event.SimpleApplicationEventMulticaster.invokeListener(Lorg/springframework/context/ApplicationListener;Lorg/springframework/context/ApplicationEvent;)V+34
j  org.springframework.context.event.SimpleApplicationEventMulticaster.multicastEvent(Lorg/springframework/context/ApplicationEvent;Lorg/springframework/core/ResolvableType;)V+83
j  org.springframework.context.event.SimpleApplicationEventMulticaster.multicastEvent(Lorg/springframework/context/ApplicationEvent;)V+7
j  org.springframework.boot.context.event.EventPublishingRunListener.multicastInitialEvent(Lorg/springframework/context/ApplicationEvent;)V+9
j  org.springframework.boot.context.event.EventPublishingRunListener.environmentPrepared(Lorg/springframework/boot/ConfigurableBootstrapContext;Lorg/springframework/core/env/ConfigurableEnvironment;)V+18
j  org.springframework.boot.SpringApplicationRunListeners.lambda$environmentPrepared$2(Lorg/springframework/boot/ConfigurableBootstrapContext;Lorg/springframework/core/env/ConfigurableEnvironment;Lorg/springframework/boot/SpringApplicationRunListener;)V+3
j  org.springframework.boot.SpringApplicationRunListeners$$Lambda$162+0x0000000801125960.accept(Ljava/lang/Object;)V+12
j  java.lang.Iterable.forEach(Ljava/util/function/Consumer;)V+30 java.base@17.0.7
j  org.springframework.boot.SpringApplicationRunListeners.doWithListeners(Ljava/lang/String;Ljava/util/function/Consumer;Ljava/util/function/Consumer;)V+17
j  org.springframework.boot.SpringApplicationRunListeners.doWithListeners(Ljava/lang/String;Ljava/util/function/Consumer;)V+4
j  org.springframework.boot.SpringApplicationRunListeners.environmentPrepared(Lorg/springframework/boot/ConfigurableBootstrapContext;Lorg/springframework/core/env/ConfigurableEnvironment;)V+10
j  org.springframework.boot.SpringApplication.prepareEnvironment(Lorg/springframework/boot/SpringApplicationRunListeners;Lorg/springframework/boot/DefaultBootstrapContext;Lorg/springframework/boot/ApplicationArguments;)Lorg/springframework/core/env/ConfigurableEnvironment;+27
j  org.springframework.boot.SpringApplication.run([Ljava/lang/String;)Lorg/springframework/context/ConfigurableApplicationContext;+52
j  org.springframework.boot.SpringApplication.run([Ljava/lang/Class;[Ljava/lang/String;)Lorg/springframework/context/ConfigurableApplicationContext;+9
j  org.springframework.boot.SpringApplication.run(Ljava/lang/Class;[Ljava/lang/String;)Lorg/springframework/context/ConfigurableApplicationContext;+9
j  hspm.sp.api.ApiApplication.main([Ljava/lang/String;)V+3
v  ~StubRoutines::call_stub
j  jdk.internal.reflect.NativeMethodAccessorImpl.invoke0(Ljava/lang/reflect/Method;Ljava/lang/Object;[Ljava/lang/Object;)Ljava/lang/Object;+0 java.base@17.0.7
j  jdk.internal.reflect.NativeMethodAccessorImpl.invoke(Ljava/lang/Object;[Ljava/lang/Object;)Ljava/lang/Object;+133 java.base@17.0.7
j  jdk.internal.reflect.DelegatingMethodAccessorImpl.invoke(Ljava/lang/Object;[Ljava/lang/Object;)Ljava/lang/Object;+6 java.base@17.0.7
j  java.lang.reflect.Method.invoke(Ljava/lang/Object;[Ljava/lang/Object;)Ljava/lang/Object;+59 java.base@17.0.7
j  org.springframework.boot.devtools.restart.RestartLauncher.run()V+42
v  ~StubRoutines::call_stub

---------------  P R O C E S S  ---------------

Threads class SMR info:
_java_thread_list=0x000002c6a0528740, length=17, elements={
0x000002c682ad2d90, 0x000002c69b31b7a0, 0x000002c69b31be70, 0x000002c69b330760,
0x000002c69b330c30, 0x000002c69b333110, 0x000002c69b3335e0, 0x000002c69b337b70,
0x000002c69b3445a0, 0x000002c69b0e3f90, 0x000002c69b420210, 0x000002c69b4207d0,
0x000002c69b70e6e0, 0x000002c69b70d350, 0x000002c6a023b1e0, 0x000002c6a0572710,
0x000002c6a0599000
}

Java Threads: ( => current thread )
  0x000002c682ad2d90 JavaThread "main" [_thread_blocked, id=9512, stack(0x000000d7e2800000,0x000000d7e2900000)]
  0x000002c69b31b7a0 JavaThread "Reference Handler" daemon [_thread_blocked, id=11508, stack(0x000000d7e2f00000,0x000000d7e3000000)]
  0x000002c69b31be70 JavaThread "Finalizer" daemon [_thread_blocked, id=14628, stack(0x000000d7e3000000,0x000000d7e3100000)]
  0x000002c69b330760 JavaThread "Signal Dispatcher" daemon [_thread_blocked, id=13300, stack(0x000000d7e3100000,0x000000d7e3200000)]
  0x000002c69b330c30 JavaThread "Attach Listener" daemon [_thread_blocked, id=13852, stack(0x000000d7e3200000,0x000000d7e3300000)]
  0x000002c69b333110 JavaThread "Service Thread" daemon [_thread_blocked, id=14056, stack(0x000000d7e3300000,0x000000d7e3400000)]
  0x000002c69b3335e0 JavaThread "Monitor Deflation Thread" daemon [_thread_blocked, id=10424, stack(0x000000d7e3400000,0x000000d7e3500000)]
  0x000002c69b337b70 JavaThread "C1 CompilerThread0" daemon [_thread_blocked, id=5880, stack(0x000000d7e3500000,0x000000d7e3600000)]
  0x000002c69b3445a0 JavaThread "Sweeper thread" daemon [_thread_blocked, id=3200, stack(0x000000d7e3600000,0x000000d7e3700000)]
  0x000002c69b0e3f90 JavaThread "Common-Cleaner" daemon [_thread_blocked, id=2308, stack(0x000000d7e3700000,0x000000d7e3800000)]
  0x000002c69b420210 JavaThread "C1 CompilerThread1" daemon [_thread_blocked, id=4736, stack(0x000000d7e3800000,0x000000d7e3900000)]
  0x000002c69b4207d0 JavaThread "C1 CompilerThread2" daemon [_thread_blocked, id=15420, stack(0x000000d7e3900000,0x000000d7e3a00000)]
  0x000002c69b70e6e0 JavaThread "Monitor Ctrl-Break" daemon [_thread_in_native, id=4324, stack(0x000000d7e3a00000,0x000000d7e3b00000)]
  0x000002c69b70d350 JavaThread "Notification Thread" daemon [_thread_blocked, id=13652, stack(0x000000d7e3b00000,0x000000d7e3c00000)]
  0x000002c6a023b1e0 JavaThread "RMI TCP Accept-0" daemon [_thread_in_native, id=16024, stack(0x000000d7e3c00000,0x000000d7e3d00000)]
  0x000002c6a0572710 JavaThread "Thread-0" [_thread_blocked, id=14392, stack(0x000000d7e4200000,0x000000d7e4300000)]
=>0x000002c6a0599000 JavaThread "restartedMain" [_thread_in_vm, id=12368, stack(0x000000d7e4300000,0x000000d7e4400000)]

Other Threads:
  0x000002c69b318e00 VMThread "VM Thread" [stack: 0x000000d7e2e00000,0x000000d7e2f00000] [id=14108]
  0x000002c682b5c160 WatcherThread [stack: 0x000000d7e3d00000,0x000000d7e3e00000] [id=16360]
  0x000002c682b3ec40 GCTaskThread "GC Thread#0" [stack: 0x000000d7e2900000,0x000000d7e2a00000] [id=12568]
  0x000002c6a023db40 GCTaskThread "GC Thread#1" [stack: 0x000000d7e3e00000,0x000000d7e3f00000] [id=17224]
  0x000002c6a038b890 GCTaskThread "GC Thread#2" [stack: 0x000000d7e3f00000,0x000000d7e4000000] [id=9272]
  0x000002c6a038bb40 GCTaskThread "GC Thread#3" [stack: 0x000000d7e4000000,0x000000d7e4100000] [id=3856]
  0x000002c682b508b0 ConcurrentGCThread "G1 Main Marker" [stack: 0x000000d7e2a00000,0x000000d7e2b00000] [id=9504]
  0x000002c682b51d40 ConcurrentGCThread "G1 Conc#0" [stack: 0x000000d7e2b00000,0x000000d7e2c00000] [id=15896]
  0x000002c69afaaab0 ConcurrentGCThread "G1 Refine#0" [stack: 0x000000d7e2c00000,0x000000d7e2d00000] [id=4400]
  0x000002c6a038ce30 ConcurrentGCThread "G1 Refine#1" [stack: 0x000000d7e4100000,0x000000d7e4200000] [id=8500]
  0x000002c69afacea0 ConcurrentGCThread "G1 Service" [stack: 0x000000d7e2d00000,0x000000d7e2e00000] [id=11524]

Threads with active compile tasks:

VM state: not at safepoint (normal execution)

VM Mutex/Monitor currently owned by a thread:  ([mutex/lock_event])
[0x000002c682ace170] Metaspace_lock - owner thread: 0x000002c6a0599000

Heap address: 0x0000000701e00000, size: 4066 MB, Compressed Oops mode: Zero based, Oop shift amount: 3

CDS archive(s) mapped at: [0x0000000800000000-0x0000000800bc0000-0x0000000800bc0000), size 12320768, SharedBaseAddress: 0x0000000800000000, ArchiveRelocationMode: 0.
Compressed class space mapped at: 0x0000000801000000-0x0000000841000000, reserved size: 1073741824
Narrow klass base: 0x0000000800000000, Narrow klass shift: 0, Narrow klass range: 0x100000000

GC Precious Log:
 CPUs: 4 total, 4 available
 Memory: 16263M
 Large Page Support: Disabled
 NUMA Support: Disabled
 Compressed Oops: Enabled (Zero based)
 Heap Region Size: 2M
 Heap Min Capacity: 8M
 Heap Initial Capacity: 256M
 Heap Max Capacity: 4066M
 Pre-touch: Disabled
 Parallel Workers: 4
 Concurrent Workers: 1
 Concurrent Refinement Workers: 4
 Periodic GC: Disabled

Heap:
 garbage-first heap   total 262144K, used 13265K [0x0000000701e00000, 0x0000000800000000)
  region size 2048K, 5 young (10240K), 1 survivors (2048K)
 Metaspace       used 8367K, committed 8512K, reserved 1114112K
  class space    used 1077K, committed 1152K, reserved 1048576K

Heap Regions: E=young(eden), S=young(survivor), O=old, HS=humongous(starts), HC=humongous(continues), CS=collection set, F=free, OA=open archive, CA=closed archive, TAMS=top-at-mark-start (previous, next)
|   0|0x0000000701e00000, 0x0000000702000000, 0x0000000702000000|100%| O|  |TAMS 0x0000000701e00000, 0x0000000701e00000| Untracked 
|   1|0x0000000702000000, 0x0000000702200000, 0x0000000702200000|100%| O|  |TAMS 0x0000000702000000, 0x0000000702000000| Untracked 
|   2|0x0000000702200000, 0x00000007023ef000, 0x0000000702400000| 96%| O|  |TAMS 0x0000000702200000, 0x0000000702200000| Untracked 
|   3|0x0000000702400000, 0x0000000702400000, 0x0000000702600000|  0%| F|  |TAMS 0x0000000702400000, 0x0000000702400000| Untracked 
|   4|0x0000000702600000, 0x0000000702600000, 0x0000000702800000|  0%| F|  |TAMS 0x0000000702600000, 0x0000000702600000| Untracked 
|   5|0x0000000702800000, 0x0000000702800000, 0x0000000702a00000|  0%| F|  |TAMS 0x0000000702800000, 0x0000000702800000| Untracked 
|   6|0x0000000702a00000, 0x0000000702a00000, 0x0000000702c00000|  0%| F|  |TAMS 0x0000000702a00000, 0x0000000702a00000| Untracked 
|   7|0x0000000702c00000, 0x0000000702c00000, 0x0000000702e00000|  0%| F|  |TAMS 0x0000000702c00000, 0x0000000702c00000| Untracked 
|   8|0x0000000702e00000, 0x0000000702e00000, 0x0000000703000000|  0%| F|  |TAMS 0x0000000702e00000, 0x0000000702e00000| Untracked 
|   9|0x0000000703000000, 0x0000000703000000, 0x0000000703200000|  0%| F|  |TAMS 0x0000000703000000, 0x0000000703000000| Untracked 
|  10|0x0000000703200000, 0x0000000703200000, 0x0000000703400000|  0%| F|  |TAMS 0x0000000703200000, 0x0000000703200000| Untracked 
|  11|0x0000000703400000, 0x0000000703400000, 0x0000000703600000|  0%| F|  |TAMS 0x0000000703400000, 0x0000000703400000| Untracked 
|  12|0x0000000703600000, 0x0000000703600000, 0x0000000703800000|  0%| F|  |TAMS 0x0000000703600000, 0x0000000703600000| Untracked 
|  13|0x0000000703800000, 0x0000000703800000, 0x0000000703a00000|  0%| F|  |TAMS 0x0000000703800000, 0x0000000703800000| Untracked 
|  14|0x0000000703a00000, 0x0000000703a00000, 0x0000000703c00000|  0%| F|  |TAMS 0x0000000703a00000, 0x0000000703a00000| Untracked 
|  15|0x0000000703c00000, 0x0000000703c00000, 0x0000000703e00000|  0%| F|  |TAMS 0x0000000703c00000, 0x0000000703c00000| Untracked 
|  16|0x0000000703e00000, 0x0000000703e00000, 0x0000000704000000|  0%| F|  |TAMS 0x0000000703e00000, 0x0000000703e00000| Untracked 
|  17|0x0000000704000000, 0x0000000704000000, 0x0000000704200000|  0%| F|  |TAMS 0x0000000704000000, 0x0000000704000000| Untracked 
|  18|0x0000000704200000, 0x0000000704200000, 0x0000000704400000|  0%| F|  |TAMS 0x0000000704200000, 0x0000000704200000| Untracked 
|  19|0x0000000704400000, 0x0000000704400000, 0x0000000704600000|  0%| F|  |TAMS 0x0000000704400000, 0x0000000704400000| Untracked 
|  20|0x0000000704600000, 0x0000000704600000, 0x0000000704800000|  0%| F|  |TAMS 0x0000000704600000, 0x0000000704600000| Untracked 
|  21|0x0000000704800000, 0x0000000704800000, 0x0000000704a00000|  0%| F|  |TAMS 0x0000000704800000, 0x0000000704800000| Untracked 
|  22|0x0000000704a00000, 0x0000000704a00000, 0x0000000704c00000|  0%| F|  |TAMS 0x0000000704a00000, 0x0000000704a00000| Untracked 
|  23|0x0000000704c00000, 0x0000000704c00000, 0x0000000704e00000|  0%| F|  |TAMS 0x0000000704c00000, 0x0000000704c00000| Untracked 
|  24|0x0000000704e00000, 0x0000000704e00000, 0x0000000705000000|  0%| F|  |TAMS 0x0000000704e00000, 0x0000000704e00000| Untracked 
|  25|0x0000000705000000, 0x0000000705000000, 0x0000000705200000|  0%| F|  |TAMS 0x0000000705000000, 0x0000000705000000| Untracked 
|  26|0x0000000705200000, 0x0000000705200000, 0x0000000705400000|  0%| F|  |TAMS 0x0000000705200000, 0x0000000705200000| Untracked 
|  27|0x0000000705400000, 0x0000000705400000, 0x0000000705600000|  0%| F|  |TAMS 0x0000000705400000, 0x0000000705400000| Untracked 
|  28|0x0000000705600000, 0x0000000705600000, 0x0000000705800000|  0%| F|  |TAMS 0x0000000705600000, 0x0000000705600000| Untracked 
|  29|0x0000000705800000, 0x0000000705800000, 0x0000000705a00000|  0%| F|  |TAMS 0x0000000705800000, 0x0000000705800000| Untracked 
|  30|0x0000000705a00000, 0x0000000705a00000, 0x0000000705c00000|  0%| F|  |TAMS 0x0000000705a00000, 0x0000000705a00000| Untracked 
|  31|0x0000000705c00000, 0x0000000705c00000, 0x0000000705e00000|  0%| F|  |TAMS 0x0000000705c00000, 0x0000000705c00000| Untracked 
|  32|0x0000000705e00000, 0x0000000705e00000, 0x0000000706000000|  0%| F|  |TAMS 0x0000000705e00000, 0x0000000705e00000| Untracked 
|  33|0x0000000706000000, 0x0000000706000000, 0x0000000706200000|  0%| F|  |TAMS 0x0000000706000000, 0x0000000706000000| Untracked 
|  34|0x0000000706200000, 0x0000000706200000, 0x0000000706400000|  0%| F|  |TAMS 0x0000000706200000, 0x0000000706200000| Untracked 
|  35|0x0000000706400000, 0x0000000706400000, 0x0000000706600000|  0%| F|  |TAMS 0x0000000706400000, 0x0000000706400000| Untracked 
|  36|0x0000000706600000, 0x0000000706600000, 0x0000000706800000|  0%| F|  |TAMS 0x0000000706600000, 0x0000000706600000| Untracked 
|  37|0x0000000706800000, 0x0000000706800000, 0x0000000706a00000|  0%| F|  |TAMS 0x0000000706800000, 0x0000000706800000| Untracked 
|  38|0x0000000706a00000, 0x0000000706a00000, 0x0000000706c00000|  0%| F|  |TAMS 0x0000000706a00000, 0x0000000706a00000| Untracked 
|  39|0x0000000706c00000, 0x0000000706c00000, 0x0000000706e00000|  0%| F|  |TAMS 0x0000000706c00000, 0x0000000706c00000| Untracked 
|  40|0x0000000706e00000, 0x0000000706e00000, 0x0000000707000000|  0%| F|  |TAMS 0x0000000706e00000, 0x0000000706e00000| Untracked 
|  41|0x0000000707000000, 0x0000000707000000, 0x0000000707200000|  0%| F|  |TAMS 0x0000000707000000, 0x0000000707000000| Untracked 
|  42|0x0000000707200000, 0x0000000707200000, 0x0000000707400000|  0%| F|  |TAMS 0x0000000707200000, 0x0000000707200000| Untracked 
|  43|0x0000000707400000, 0x0000000707400000, 0x0000000707600000|  0%| F|  |TAMS 0x0000000707400000, 0x0000000707400000| Untracked 
|  44|0x0000000707600000, 0x0000000707600000, 0x0000000707800000|  0%| F|  |TAMS 0x0000000707600000, 0x0000000707600000| Untracked 
|  45|0x0000000707800000, 0x0000000707800000, 0x0000000707a00000|  0%| F|  |TAMS 0x0000000707800000, 0x0000000707800000| Untracked 
|  46|0x0000000707a00000, 0x0000000707a00000, 0x0000000707c00000|  0%| F|  |TAMS 0x0000000707a00000, 0x0000000707a00000| Untracked 
|  47|0x0000000707c00000, 0x0000000707c00000, 0x0000000707e00000|  0%| F|  |TAMS 0x0000000707c00000, 0x0000000707c00000| Untracked 
|  48|0x0000000707e00000, 0x0000000707e00000, 0x0000000708000000|  0%| F|  |TAMS 0x0000000707e00000, 0x0000000707e00000| Untracked 
|  49|0x0000000708000000, 0x0000000708000000, 0x0000000708200000|  0%| F|  |TAMS 0x0000000708000000, 0x0000000708000000| Untracked 
|  50|0x0000000708200000, 0x0000000708200000, 0x0000000708400000|  0%| F|  |TAMS 0x0000000708200000, 0x0000000708200000| Untracked 
|  51|0x0000000708400000, 0x0000000708400000, 0x0000000708600000|  0%| F|  |TAMS 0x0000000708400000, 0x0000000708400000| Untracked 
|  52|0x0000000708600000, 0x0000000708600000, 0x0000000708800000|  0%| F|  |TAMS 0x0000000708600000, 0x0000000708600000| Untracked 
|  53|0x0000000708800000, 0x0000000708800000, 0x0000000708a00000|  0%| F|  |TAMS 0x0000000708800000, 0x0000000708800000| Untracked 
|  54|0x0000000708a00000, 0x0000000708a00000, 0x0000000708c00000|  0%| F|  |TAMS 0x0000000708a00000, 0x0000000708a00000| Untracked 
|  55|0x0000000708c00000, 0x0000000708c00000, 0x0000000708e00000|  0%| F|  |TAMS 0x0000000708c00000, 0x0000000708c00000| Untracked 
|  56|0x0000000708e00000, 0x0000000708e00000, 0x0000000709000000|  0%| F|  |TAMS 0x0000000708e00000, 0x0000000708e00000| Untracked 
|  57|0x0000000709000000, 0x0000000709000000, 0x0000000709200000|  0%| F|  |TAMS 0x0000000709000000, 0x0000000709000000| Untracked 
|  58|0x0000000709200000, 0x0000000709200000, 0x0000000709400000|  0%| F|  |TAMS 0x0000000709200000, 0x0000000709200000| Untracked 
|  59|0x0000000709400000, 0x0000000709400000, 0x0000000709600000|  0%| F|  |TAMS 0x0000000709400000, 0x0000000709400000| Untracked 
|  60|0x0000000709600000, 0x0000000709600000, 0x0000000709800000|  0%| F|  |TAMS 0x0000000709600000, 0x0000000709600000| Untracked 
|  61|0x0000000709800000, 0x0000000709800000, 0x0000000709a00000|  0%| F|  |TAMS 0x0000000709800000, 0x0000000709800000| Untracked 
|  62|0x0000000709a00000, 0x0000000709a00000, 0x0000000709c00000|  0%| F|  |TAMS 0x0000000709a00000, 0x0000000709a00000| Untracked 
|  63|0x0000000709c00000, 0x0000000709c00000, 0x0000000709e00000|  0%| F|  |TAMS 0x0000000709c00000, 0x0000000709c00000| Untracked 
|  64|0x0000000709e00000, 0x0000000709e00000, 0x000000070a000000|  0%| F|  |TAMS 0x0000000709e00000, 0x0000000709e00000| Untracked 
|  65|0x000000070a000000, 0x000000070a000000, 0x000000070a200000|  0%| F|  |TAMS 0x000000070a000000, 0x000000070a000000| Untracked 
|  66|0x000000070a200000, 0x000000070a200000, 0x000000070a400000|  0%| F|  |TAMS 0x000000070a200000, 0x000000070a200000| Untracked 
|  67|0x000000070a400000, 0x000000070a400000, 0x000000070a600000|  0%| F|  |TAMS 0x000000070a400000, 0x000000070a400000| Untracked 
|  68|0x000000070a600000, 0x000000070a600000, 0x000000070a800000|  0%| F|  |TAMS 0x000000070a600000, 0x000000070a600000| Untracked 
|  69|0x000000070a800000, 0x000000070a800000, 0x000000070aa00000|  0%| F|  |TAMS 0x000000070a800000, 0x000000070a800000| Untracked 
|  70|0x000000070aa00000, 0x000000070aa00000, 0x000000070ac00000|  0%| F|  |TAMS 0x000000070aa00000, 0x000000070aa00000| Untracked 
|  71|0x000000070ac00000, 0x000000070ac00000, 0x000000070ae00000|  0%| F|  |TAMS 0x000000070ac00000, 0x000000070ac00000| Untracked 
|  72|0x000000070ae00000, 0x000000070ae00000, 0x000000070b000000|  0%| F|  |TAMS 0x000000070ae00000, 0x000000070ae00000| Untracked 
|  73|0x000000070b000000, 0x000000070b000000, 0x000000070b200000|  0%| F|  |TAMS 0x000000070b000000, 0x000000070b000000| Untracked 
|  74|0x000000070b200000, 0x000000070b200000, 0x000000070b400000|  0%| F|  |TAMS 0x000000070b200000, 0x000000070b200000| Untracked 
|  75|0x000000070b400000, 0x000000070b400000, 0x000000070b600000|  0%| F|  |TAMS 0x000000070b400000, 0x000000070b400000| Untracked 
|  76|0x000000070b600000, 0x000000070b600000, 0x000000070b800000|  0%| F|  |TAMS 0x000000070b600000, 0x000000070b600000| Untracked 
|  77|0x000000070b800000, 0x000000070b800000, 0x000000070ba00000|  0%| F|  |TAMS 0x000000070b800000, 0x000000070b800000| Untracked 
|  78|0x000000070ba00000, 0x000000070ba00000, 0x000000070bc00000|  0%| F|  |TAMS 0x000000070ba00000, 0x000000070ba00000| Untracked 
|  79|0x000000070bc00000, 0x000000070bc00000, 0x000000070be00000|  0%| F|  |TAMS 0x000000070bc00000, 0x000000070bc00000| Untracked 
|  80|0x000000070be00000, 0x000000070be00000, 0x000000070c000000|  0%| F|  |TAMS 0x000000070be00000, 0x000000070be00000| Untracked 
|  81|0x000000070c000000, 0x000000070c000000, 0x000000070c200000|  0%| F|  |TAMS 0x000000070c000000, 0x000000070c000000| Untracked 
|  82|0x000000070c200000, 0x000000070c200000, 0x000000070c400000|  0%| F|  |TAMS 0x000000070c200000, 0x000000070c200000| Untracked 
|  83|0x000000070c400000, 0x000000070c400000, 0x000000070c600000|  0%| F|  |TAMS 0x000000070c400000, 0x000000070c400000| Untracked 
|  84|0x000000070c600000, 0x000000070c600000, 0x000000070c800000|  0%| F|  |TAMS 0x000000070c600000, 0x000000070c600000| Untracked 
|  85|0x000000070c800000, 0x000000070c800000, 0x000000070ca00000|  0%| F|  |TAMS 0x000000070c800000, 0x000000070c800000| Untracked 
|  86|0x000000070ca00000, 0x000000070ca00000, 0x000000070cc00000|  0%| F|  |TAMS 0x000000070ca00000, 0x000000070ca00000| Untracked 
|  87|0x000000070cc00000, 0x000000070cc00000, 0x000000070ce00000|  0%| F|  |TAMS 0x000000070cc00000, 0x000000070cc00000| Untracked 
|  88|0x000000070ce00000, 0x000000070ce00000, 0x000000070d000000|  0%| F|  |TAMS 0x000000070ce00000, 0x000000070ce00000| Untracked 
|  89|0x000000070d000000, 0x000000070d000000, 0x000000070d200000|  0%| F|  |TAMS 0x000000070d000000, 0x000000070d000000| Untracked 
|  90|0x000000070d200000, 0x000000070d200000, 0x000000070d400000|  0%| F|  |TAMS 0x000000070d200000, 0x000000070d200000| Untracked 
|  91|0x000000070d400000, 0x000000070d400000, 0x000000070d600000|  0%| F|  |TAMS 0x000000070d400000, 0x000000070d400000| Untracked 
|  92|0x000000070d600000, 0x000000070d600000, 0x000000070d800000|  0%| F|  |TAMS 0x000000070d600000, 0x000000070d600000| Untracked 
|  93|0x000000070d800000, 0x000000070d800000, 0x000000070da00000|  0%| F|  |TAMS 0x000000070d800000, 0x000000070d800000| Untracked 
|  94|0x000000070da00000, 0x000000070da00000, 0x000000070dc00000|  0%| F|  |TAMS 0x000000070da00000, 0x000000070da00000| Untracked 
|  95|0x000000070dc00000, 0x000000070dc00000, 0x000000070de00000|  0%| F|  |TAMS 0x000000070dc00000, 0x000000070dc00000| Untracked 
|  96|0x000000070de00000, 0x000000070de00000, 0x000000070e000000|  0%| F|  |TAMS 0x000000070de00000, 0x000000070de00000| Untracked 
|  97|0x000000070e000000, 0x000000070e000000, 0x000000070e200000|  0%| F|  |TAMS 0x000000070e000000, 0x000000070e000000| Untracked 
|  98|0x000000070e200000, 0x000000070e200000, 0x000000070e400000|  0%| F|  |TAMS 0x000000070e200000, 0x000000070e200000| Untracked 
|  99|0x000000070e400000, 0x000000070e400000, 0x000000070e600000|  0%| F|  |TAMS 0x000000070e400000, 0x000000070e400000| Untracked 
| 100|0x000000070e600000, 0x000000070e600000, 0x000000070e800000|  0%| F|  |TAMS 0x000000070e600000, 0x000000070e600000| Untracked 
| 101|0x000000070e800000, 0x000000070e800000, 0x000000070ea00000|  0%| F|  |TAMS 0x000000070e800000, 0x000000070e800000| Untracked 
| 102|0x000000070ea00000, 0x000000070ea00000, 0x000000070ec00000|  0%| F|  |TAMS 0x000000070ea00000, 0x000000070ea00000| Untracked 
| 103|0x000000070ec00000, 0x000000070ec00000, 0x000000070ee00000|  0%| F|  |TAMS 0x000000070ec00000, 0x000000070ec00000| Untracked 
| 104|0x000000070ee00000, 0x000000070ee00000, 0x000000070f000000|  0%| F|  |TAMS 0x000000070ee00000, 0x000000070ee00000| Untracked 
| 105|0x000000070f000000, 0x000000070f000000, 0x000000070f200000|  0%| F|  |TAMS 0x000000070f000000, 0x000000070f000000| Untracked 
| 106|0x000000070f200000, 0x000000070f200000, 0x000000070f400000|  0%| F|  |TAMS 0x000000070f200000, 0x000000070f200000| Untracked 
| 107|0x000000070f400000, 0x000000070f400000, 0x000000070f600000|  0%| F|  |TAMS 0x000000070f400000, 0x000000070f400000| Untracked 
| 108|0x000000070f600000, 0x000000070f600000, 0x000000070f800000|  0%| F|  |TAMS 0x000000070f600000, 0x000000070f600000| Untracked 
| 109|0x000000070f800000, 0x000000070f800000, 0x000000070fa00000|  0%| F|  |TAMS 0x000000070f800000, 0x000000070f800000| Untracked 
| 110|0x000000070fa00000, 0x000000070fa00000, 0x000000070fc00000|  0%| F|  |TAMS 0x000000070fa00000, 0x000000070fa00000| Untracked 
| 111|0x000000070fc00000, 0x000000070fc00000, 0x000000070fe00000|  0%| F|  |TAMS 0x000000070fc00000, 0x000000070fc00000| Untracked 
| 112|0x000000070fe00000, 0x000000070fe00000, 0x0000000710000000|  0%| F|  |TAMS 0x000000070fe00000, 0x000000070fe00000| Untracked 
| 113|0x0000000710000000, 0x0000000710000000, 0x0000000710200000|  0%| F|  |TAMS 0x0000000710000000, 0x0000000710000000| Untracked 
| 114|0x0000000710200000, 0x0000000710200000, 0x0000000710400000|  0%| F|  |TAMS 0x0000000710200000, 0x0000000710200000| Untracked 
| 115|0x0000000710400000, 0x0000000710400000, 0x0000000710600000|  0%| F|  |TAMS 0x0000000710400000, 0x0000000710400000| Untracked 
| 116|0x0000000710600000, 0x0000000710600000, 0x0000000710800000|  0%| F|  |TAMS 0x0000000710600000, 0x0000000710600000| Untracked 
| 117|0x0000000710800000, 0x0000000710800000, 0x0000000710a00000|  0%| F|  |TAMS 0x0000000710800000, 0x0000000710800000| Untracked 
| 118|0x0000000710a00000, 0x0000000710a00000, 0x0000000710c00000|  0%| F|  |TAMS 0x0000000710a00000, 0x0000000710a00000| Untracked 
| 119|0x0000000710c00000, 0x0000000710c00000, 0x0000000710e00000|  0%| F|  |TAMS 0x0000000710c00000, 0x0000000710c00000| Untracked 
| 120|0x0000000710e00000, 0x0000000710e00000, 0x0000000711000000|  0%| F|  |TAMS 0x0000000710e00000, 0x0000000710e00000| Untracked 
| 121|0x0000000711000000, 0x0000000711000000, 0x0000000711200000|  0%| F|  |TAMS 0x0000000711000000, 0x0000000711000000| Untracked 
| 122|0x0000000711200000, 0x00000007113055f8, 0x0000000711400000| 51%| S|CS|TAMS 0x0000000711200000, 0x0000000711200000| Complete 
| 123|0x0000000711400000, 0x0000000711400000, 0x0000000711600000|  0%| F|  |TAMS 0x0000000711400000, 0x0000000711400000| Untracked 
| 124|0x0000000711600000, 0x0000000711800000, 0x0000000711800000|100%| E|  |TAMS 0x0000000711600000, 0x0000000711600000| Complete 
| 125|0x0000000711800000, 0x0000000711a00000, 0x0000000711a00000|100%| E|CS|TAMS 0x0000000711800000, 0x0000000711800000| Complete 
| 126|0x0000000711a00000, 0x0000000711c00000, 0x0000000711c00000|100%| E|CS|TAMS 0x0000000711a00000, 0x0000000711a00000| Complete 
| 127|0x0000000711c00000, 0x0000000711e00000, 0x0000000711e00000|100%| E|CS|TAMS 0x0000000711c00000, 0x0000000711c00000| Complete 

Card table byte_map: [0x000002c68fd60000,0x000002c690560000] _byte_map_base: 0x000002c68c551000

Marking Bits (Prev, Next): (CMBitMap*) 0x000002c682b40170, (CMBitMap*) 0x000002c682b401b0
 Prev Bits: [0x000002c690d60000, 0x000002c694ce8000)
 Next Bits: [0x000002c694cf0000, 0x000002c698c78000)

Polling page: 0x000002c682b60000

Metaspace:

Usage:
  Non-class:      7.15 MB used.
      Class:      1.06 MB used.
       Both:      8.21 MB used.

Virtual space:
  Non-class space:       64.00 MB reserved,       7.19 MB ( 11%) committed,  1 nodes.
      Class space:        1.00 GB reserved,       1.13 MB ( <1%) committed,  1 nodes.
             Both:        1.06 GB reserved,       8.31 MB ( <1%) committed. 

Chunk freelists:
   Non-Class:  8.36 MB
       Class:  14.83 MB
        Both:  23.19 MB

MaxMetaspaceSize: unlimited
CompressedClassSpaceSize: 1.00 GB
Initial GC threshold: 21.00 MB
Current GC threshold: 21.00 MB
CDS: on
MetaspaceReclaimPolicy: balanced
 - commit_granule_bytes: 65536.
 - commit_granule_words: 8192.
 - virtual_space_node_default_size: 8388608.
 - enlarge_chunks_in_place: 1.
 - new_chunks_are_fully_committed: 0.
 - uncommit_free_chunks: 1.
 - use_allocation_guard: 0.
 - handle_deallocations: 1.


Internal statistics:

num_allocs_failed_limit: 0.
num_arena_births: 110.
num_arena_deaths: 0.
num_vsnodes_births: 2.
num_vsnodes_deaths: 0.
num_space_committed: 133.
num_space_uncommitted: 0.
num_chunks_returned_to_freelist: 0.
num_chunks_taken_from_freelist: 271.
num_chunk_merges: 0.
num_chunk_splits: 176.
num_chunks_enlarged: 121.
num_inconsistent_stats: 0.

CodeCache: size=49152Kb used=4099Kb max_used=4099Kb free=45052Kb
 bounds [0x000002c68c0c0000, 0x000002c68c4d0000, 0x000002c68f0c0000]
 total_blobs=1726 nmethods=1275 adapters=377
 compilation: disabled (not enough contiguous free space left)
              stopped_count=1, restarted_count=0
 full_count=1

Compilation events (20 events):
Event: 0.842 Thread 0x000002c69b420210 1268       1       java.lang.Class$Atomic::casReflectionData (13 bytes)
Event: 0.842 Thread 0x000002c69b420210 nmethod 1268 0x000002c68c4bcb10 code [0x000002c68c4bcca0, 0x000002c68c4bcdb8]
Event: 0.842 Thread 0x000002c69b337b70 nmethod 1266 0x000002c68c4bce10 code [0x000002c68c4bcfc0, 0x000002c68c4bd3f8]
Event: 0.842 Thread 0x000002c69b4207d0 nmethod 1263 0x000002c68c4bd590 code [0x000002c68c4bd7e0, 0x000002c68c4bdd58]
Event: 0.843 Thread 0x000002c69b4207d0 1269       1       java.lang.PublicMethods$Key::matches (31 bytes)
Event: 0.843 Thread 0x000002c69b4207d0 nmethod 1269 0x000002c68c4be210 code [0x000002c68c4be3c0, 0x000002c68c4be558]
Event: 0.843 Thread 0x000002c69b4207d0 1270       1       jdk.internal.org.objectweb.asm.Frame::getInputStackSize (6 bytes)
Event: 0.843 Thread 0x000002c69b337b70 1271       1       jdk.internal.org.objectweb.asm.Frame::accept (264 bytes)
Event: 0.843 Thread 0x000002c69b4207d0 nmethod 1270 0x000002c68c4be710 code [0x000002c68c4be8a0, 0x000002c68c4be978]
Event: 0.843 Thread 0x000002c69b337b70 nmethod 1271 0x000002c68c4bea10 code [0x000002c68c4bebe0, 0x000002c68c4befb8]
Event: 0.844 Thread 0x000002c69b337b70 1272       1       java.util.zip.CRC32::<init> (5 bytes)
Event: 0.844 Thread 0x000002c69b4207d0 1273       1       java.util.zip.CRC32::getValue (10 bytes)
Event: 0.844 Thread 0x000002c69b337b70 nmethod 1272 0x000002c68c4bf310 code [0x000002c68c4bf4a0, 0x000002c68c4bf558]
Event: 0.844 Thread 0x000002c69b4207d0 nmethod 1273 0x000002c68c4bf610 code [0x000002c68c4bf7a0, 0x000002c68c4bf878]
Event: 0.845 Thread 0x000002c69b337b70 1274       1       jdk.internal.loader.URLClassPath$JarLoader$2::getCodeSourceURL (8 bytes)
Event: 0.845 Thread 0x000002c69b4207d0 1275       1       jdk.internal.loader.URLClassPath$JarLoader$2::getManifest (26 bytes)
Event: 0.845 Thread 0x000002c69b420210 1276       1       java.util.jar.JavaUtilJarAccessImpl::ensureInitialization (5 bytes)
Event: 0.846 Thread 0x000002c69b420210 

Event: 0.846 Thread 0x000002c69b337b70 nmethod 1274 0x000002c68c4bff10 code [0x000002c68c4c00a0, 0x000002c68c4c0178]
Event: 0.846 Thread 0x000002c69b4207d0 nmethod 1275 0x000002c68c4c0210 code [0x000002c68c4c0400, 0x000002c68c4c06c8]

GC Heap History (4 events):
Event: 0.561 GC heap before
{Heap before GC invocations=0 (full 0):
 garbage-first heap   total 262144K, used 12288K [0x0000000701e00000, 0x0000000800000000)
  region size 2048K, 6 young (12288K), 0 survivors (0K)
 Metaspace       used 4410K, committed 4608K, reserved 1114112K
  class space    used 541K, committed 640K, reserved 1048576K
}
Event: 0.564 GC heap after
{Heap after GC invocations=1 (full 0):
 garbage-first heap   total 262144K, used 6301K [0x0000000701e00000, 0x0000000800000000)
  region size 2048K, 1 young (2048K), 1 survivors (2048K)
 Metaspace       used 4410K, committed 4608K, reserved 1114112K
  class space    used 541K, committed 640K, reserved 1048576K
}
Event: 0.800 GC heap before
{Heap before GC invocations=1 (full 0):
 garbage-first heap   total 262144K, used 16541K [0x0000000701e00000, 0x0000000800000000)
  region size 2048K, 6 young (12288K), 1 survivors (2048K)
 Metaspace       used 6825K, committed 6912K, reserved 1114112K
  class space    used 862K, committed 896K, reserved 1048576K
}
Event: 0.802 GC heap after
{Heap after GC invocations=2 (full 0):
 garbage-first heap   total 262144K, used 7121K [0x0000000701e00000, 0x0000000800000000)
  region size 2048K, 1 young (2048K), 1 survivors (2048K)
 Metaspace       used 6825K, committed 6912K, reserved 1114112K
  class space    used 862K, committed 896K, reserved 1048576K
}

Dll operation events (11 events):
Event: 0.019 Loaded shared library C:\Users\h013026\.jdks\corretto-17.0.7\bin\java.dll
Event: 0.031 Loaded shared library C:\Users\h013026\.jdks\corretto-17.0.7\bin\jsvml.dll
Event: 0.140 Loaded shared library C:\Users\h013026\.jdks\corretto-17.0.7\bin\zip.dll
Event: 0.142 Loaded shared library C:\Users\h013026\.jdks\corretto-17.0.7\bin\instrument.dll
Event: 0.151 Loaded shared library C:\Users\h013026\.jdks\corretto-17.0.7\bin\net.dll
Event: 0.154 Loaded shared library C:\Users\h013026\.jdks\corretto-17.0.7\bin\nio.dll
Event: 0.157 Loaded shared library C:\Users\h013026\.jdks\corretto-17.0.7\bin\zip.dll
Event: 0.251 Loaded shared library C:\Program Files\JetBrains\IntelliJ IDEA 2023.1\bin\breakgen64.dll
Event: 0.256 Loaded shared library C:\Users\h013026\.jdks\corretto-17.0.7\bin\jimage.dll
Event: 0.307 Loaded shared library C:\Users\h013026\.jdks\corretto-17.0.7\bin\management.dll
Event: 0.318 Loaded shared library C:\Users\h013026\.jdks\corretto-17.0.7\bin\management_ext.dll

Deoptimization events (0 events):
No events

Classes unloaded (0 events):
No events

Classes redefined (0 events):
No events

Internal exceptions (20 events):
Event: 0.322 Thread 0x000002c682ad2d90 Exception <a 'java/lang/IncompatibleClassChangeError'{0x00000007117b2d38}: Found class java.lang.Object, but interface was expected> (0x00000007117b2d38) 
thrown [s\src\hotspot\share\interpreter\linkResolver.cpp, line 826]
Event: 0.362 Thread 0x000002c682ad2d90 Exception <a 'java/lang/NoSuchMethodError'{0x000000071147e6e0}: 'int java.lang.invoke.DirectMethodHandle$Holder.invokeSpecial(java.lang.Object, java.lang.Object, java.lang.Object)'> (0x000000071147e6e0) 
thrown [s\src\hotspot\share\interpreter\linkResolver.cpp, line 759]
Event: 0.405 Thread 0x000002c682ad2d90 Exception <a 'java/lang/NoSuchMethodError'{0x00000007115798a0}: 'void java.lang.invoke.DirectMethodHandle$Holder.invokeStatic(java.lang.Object, java.lang.Object, java.lang.Object)'> (0x00000007115798a0) 
thrown [s\src\hotspot\share\interpreter\linkResolver.cpp, line 759]
Event: 0.413 Thread 0x000002c682ad2d90 Exception <a 'java/lang/NoSuchMethodError'{0x00000007115b6588}: 'int java.lang.invoke.DirectMethodHandle$Holder.invokeSpecialIFC(java.lang.Object, java.lang.Object, java.lang.Object)'> (0x00000007115b6588) 
thrown [s\src\hotspot\share\interpreter\linkResolver.cpp, line 759]
Event: 0.437 Thread 0x000002c682ad2d90 Exception <a 'java/lang/NoSuchMethodError'{0x000000071122cdd0}: 'java.lang.Object java.lang.invoke.DirectMethodHandle$Holder.invokeStaticInit(java.lang.Object, int, int, int, int)'> (0x000000071122cdd0) 
thrown [s\src\hotspot\share\interpreter\linkResolver.cpp, line 759]
Event: 0.517 Thread 0x000002c682ad2d90 Exception <a 'java/lang/NoSuchMethodError'{0x00000007112f37a8}: 'java.lang.Object java.lang.invoke.DirectMethodHandle$Holder.invokeStaticInit(java.lang.Object, java.lang.Object, int, int, int, int)'> (0x00000007112f37a8) 
thrown [s\src\hotspot\share\interpreter\linkResolver.cpp, line 759]
Event: 0.535 Thread 0x000002c682ad2d90 Exception <a 'java/lang/ClassNotFoundException'{0x0000000711311af0}: javax/management/remote/rmi/RMIServerImpl_Skel> (0x0000000711311af0) 
thrown [s\src\hotspot\share\classfile\systemDictionary.cpp, line 256]
Event: 0.616 Thread 0x000002c682ad2d90 Exception <a 'java/lang/ClassNotFoundException'{0x0000000711dbb310}: javax/smartcardio/CardPermission> (0x0000000711dbb310) 
thrown [s\src\hotspot\share\classfile\systemDictionary.cpp, line 256]
Event: 0.620 Thread 0x000002c682ad2d90 Exception <a 'java/io/FileNotFoundException'{0x0000000711dc9508}> (0x0000000711dc9508) 
thrown [s\src\hotspot\share\prims\jni.cpp, line 516]
Event: 0.672 Thread 0x000002c682ad2d90 Exception <a 'java/lang/NoSuchMethodError'{0x0000000711bbc500}: 'void java.lang.invoke.DirectMethodHandle$Holder.invokeStatic(java.lang.Object, java.lang.Object, java.lang.Object, java.lang.Object)'> (0x0000000711bbc500) 
thrown [s\src\hotspot\share\interpreter\linkResolver.cpp, line 759]
Event: 0.699 Thread 0x000002c682ad2d90 Exception <a 'java/lang/NoSuchMethodError'{0x00000007118ebee8}: 'int java.lang.invoke.DirectMethodHandle$Holder.invokeStaticInit(java.lang.Object, java.lang.Object)'> (0x00000007118ebee8) 
thrown [s\src\hotspot\share\interpreter\linkResolver.cpp, line 759]
Event: 0.744 Thread 0x000002c682ad2d90 Exception <a 'java/lang/NoSuchMethodError'{0x00000007116e1378}: 'java.lang.Object java.lang.invoke.DirectMethodHandle$Holder.invokeInterface(java.lang.Object, java.lang.Object)'> (0x00000007116e1378) 
thrown [s\src\hotspot\share\interpreter\linkResolver.cpp, line 759]
Event: 0.750 Thread 0x000002c682ad2d90 Exception <a 'java/lang/NoSuchMethodError'{0x0000000711725c68}: 'java.lang.Object java.lang.invoke.DirectMethodHandle$Holder.invokeSpecialIFC(java.lang.Object, java.lang.Object, java.lang.Object, java.lang.Object)'> (0x0000000711725c68) 
thrown [s\src\hotspot\share\interpreter\linkResolver.cpp, line 759]
Event: 0.753 Thread 0x000002c682ad2d90 Exception <a 'java/lang/NoSuchMethodError'{0x00000007117481a0}: 'java.lang.Object java.lang.invoke.DirectMethodHandle$Holder.invokeInterface(java.lang.Object, java.lang.Object, java.lang.Object)'> (0x00000007117481a0) 
thrown [s\src\hotspot\share\interpreter\linkResolver.cpp, line 759]
Event: 0.833 Thread 0x000002c6a0599000 Exception <a 'java/lang/NoSuchMethodError'{0x0000000711a5be60}: 'int java.lang.invoke.DirectMethodHandle$Holder.invokeStaticInit(java.lang.Object, java.lang.Object, java.lang.Object)'> (0x0000000711a5be60) 
thrown [s\src\hotspot\share\interpreter\linkResolver.cpp, line 759]
Event: 0.837 Thread 0x000002c6a0599000 Exception <a 'java/lang/NoSuchMethodError'{0x0000000711a87618}: 'java.lang.Object java.lang.invoke.DirectMethodHandle$Holder.invokeVirtual(java.lang.Object, java.lang.Object, java.lang.Object)'> (0x0000000711a87618) 
thrown [s\src\hotspot\share\interpreter\linkResolver.cpp, line 759]
Event: 0.841 Thread 0x000002c6a0599000 Exception <a 'java/lang/NoSuchMethodError'{0x0000000711abb2a0}: 'java.lang.Object java.lang.invoke.DirectMethodHandle$Holder.newInvokeSpecial(java.lang.Object, java.lang.Object, java.lang.Object, java.lang.Object, java.lang.Object)'> (0x0000000711abb2a0) 
thrown [s\src\hotspot\share\interpreter\linkResolver.cpp, line 759]
Event: 0.847 Thread 0x000002c6a0599000 Exception <a 'java/lang/NoSuchMethodError'{0x0000000711af6b08}: 'java.lang.Object java.lang.invoke.DirectMethodHandle$Holder.invokeStaticInit(java.lang.Object, java.lang.Object, java.lang.Object)'> (0x0000000711af6b08) 
thrown [s\src\hotspot\share\interpreter\linkResolver.cpp, line 759]
Event: 0.857 Thread 0x000002c6a0599000 Exception <a 'java/lang/IncompatibleClassChangeError'{0x0000000711b86a10}: Found class java.lang.Object, but interface was expected> (0x0000000711b86a10) 
thrown [s\src\hotspot\share\interpreter\linkResolver.cpp, line 826]
Event: 0.868 Thread 0x000002c6a0599000 Exception <a 'sun/nio/fs/WindowsException'{0x000000071180db58}> (0x000000071180db58) 
thrown [s\src\hotspot\share\prims\jni.cpp, line 516]

VM Operations (16 events):
Event: 0.130 Executing VM operation: HandshakeAllThreads
Event: 0.131 Executing VM operation: HandshakeAllThreads done
Event: 0.254 Executing VM operation: HandshakeAllThreads
Event: 0.254 Executing VM operation: HandshakeAllThreads done
Event: 0.426 Executing VM operation: HandshakeAllThreads
Event: 0.426 Executing VM operation: HandshakeAllThreads done
Event: 0.561 Executing VM operation: G1CollectForAllocation
Event: 0.565 Executing VM operation: G1CollectForAllocation done
Event: 0.581 Executing VM operation: HandshakeAllThreads
Event: 0.581 Executing VM operation: HandshakeAllThreads done
Event: 0.585 Executing VM operation: HandshakeAllThreads
Event: 0.585 Executing VM operation: HandshakeAllThreads done
Event: 0.800 Executing VM operation: G1CollectForAllocation
Event: 0.802 Executing VM operation: G1CollectForAllocation done
Event: 0.869 Executing VM operation: HandshakeAllThreads
Event: 0.869 Executing VM operation: HandshakeAllThreads done

Events (20 events):
Event: 0.916 loading class java/time/Year
Event: 0.917 loading class java/time/Year done
Event: 0.917 loading class java/time/Month
Event: 0.917 loading class java/time/Month done
Event: 0.918 loading class java/time/YearMonth
Event: 0.918 loading class java/time/YearMonth done
Event: 0.918 loading class java/time/MonthDay
Event: 0.918 loading class java/time/MonthDay done
Event: 0.920 loading class sun/reflect/generics/tree/CharSignature
Event: 0.920 loading class sun/reflect/generics/tree/CharSignature done
Event: 0.920 loading class sun/reflect/generics/tree/ArrayTypeSignature
Event: 0.921 loading class sun/reflect/generics/tree/ArrayTypeSignature done
Event: 0.921 loading class java/net/UnknownHostException
Event: 0.921 loading class java/net/UnknownHostException done
Event: 0.927 loading class sun/reflect/generics/tree/ByteSignature
Event: 0.927 loading class sun/reflect/generics/tree/ByteSignature done
Event: 0.949 loading class java/util/function/UnaryOperator
Event: 0.949 loading class java/util/function/UnaryOperator done
Event: 0.949 loading class java/util/ConcurrentModificationException
Event: 0.949 loading class java/util/ConcurrentModificationException done


Dynamic libraries:
0x00007ff701dd0000 - 0x00007ff701ddd000 	C:\Users\h013026\.jdks\corretto-17.0.7\bin\java.exe
0x00007ffd109b0000 - 0x00007ffd10ba6000 	C:\WINDOWS\SYSTEM32\ntdll.dll
0x00007ffd0f250000 - 0x00007ffd0f30d000 	C:\WINDOWS\System32\KERNEL32.DLL
0x00007ffd0e0f0000 - 0x00007ffd0e3b9000 	C:\WINDOWS\System32\KERNELBASE.dll
0x00007ffd0e760000 - 0x00007ffd0e860000 	C:\WINDOWS\System32\ucrtbase.dll
0x00007ffce1ce0000 - 0x00007ffce1cf7000 	C:\Users\h013026\.jdks\corretto-17.0.7\bin\jli.dll
0x00007ffce1d00000 - 0x00007ffce1d15000 	C:\Users\h013026\.jdks\corretto-17.0.7\bin\VCRUNTIME140.dll
0x00007ffd10340000 - 0x00007ffd104e0000 	C:\WINDOWS\System32\USER32.dll
0x00007ffd0e3f0000 - 0x00007ffd0e412000 	C:\WINDOWS\System32\win32u.dll
0x00007ffcf1520000 - 0x00007ffcf17bb000 	C:\WINDOWS\WinSxS\amd64_microsoft.windows.common-controls_6595b64144ccf1df_6.0.19041.488_none_ca04af081b815d21\COMCTL32.dll
0x00007ffd0f7b0000 - 0x00007ffd0f7da000 	C:\WINDOWS\System32\GDI32.dll
0x00007ffd10610000 - 0x00007ffd106ae000 	C:\WINDOWS\System32\msvcrt.dll
0x00007ffd0e420000 - 0x00007ffd0e529000 	C:\WINDOWS\System32\gdi32full.dll
0x00007ffd0e910000 - 0x00007ffd0e9ad000 	C:\WINDOWS\System32\msvcp_win.dll
0x00007ffd0f780000 - 0x00007ffd0f7b0000 	C:\WINDOWS\System32\IMM32.DLL
0x00007ffcbe5a0000 - 0x00007ffcbe644000 	C:\Program Files\McAfee\Endpoint Security\Threat Prevention\Ips\EpMPApi.dll
0x00007ffd0eed0000 - 0x00007ffd0effb000 	C:\WINDOWS\System32\RPCRT4.dll
0x00007ffd10710000 - 0x00007ffd107bc000 	C:\WINDOWS\System32\ADVAPI32.dll
0x00007ffd0f000000 - 0x00007ffd0f09c000 	C:\WINDOWS\System32\sechost.dll
0x00007ffd0e9b0000 - 0x00007ffd0ea10000 	C:\WINDOWS\System32\WINTRUST.dll
0x00007ffd0e600000 - 0x00007ffd0e75d000 	C:\WINDOWS\System32\CRYPT32.dll
0x00007ffd0dce0000 - 0x00007ffd0dcf2000 	C:\WINDOWS\SYSTEM32\MSASN1.dll
0x000000005b8d0000 - 0x000000005b8dc000 	C:\Program Files\McAfee\Endpoint Security\Threat Prevention\Ips\EpMPThe.dll
0x00007ffcbe480000 - 0x00007ffcbe4db000 	C:\Program Files\McAfee\Endpoint Security\Threat Prevention\Ips\HIPHandlers64.dll
0x00007ffd0fbf0000 - 0x00007ffd10332000 	C:\WINDOWS\System32\SHELL32.dll
0x00007ffd0ea10000 - 0x00007ffd0ea65000 	C:\WINDOWS\System32\SHLWAPI.dll
0x00007ffcf5210000 - 0x00007ffcf53f4000 	C:\WINDOWS\SYSTEM32\dbghelp.dll
0x00007ffcc2d00000 - 0x00007ffcc2d9b000 	C:\Users\h013026\.jdks\corretto-17.0.7\bin\msvcp140.dll
0x00007ffca1350000 - 0x00007ffca1f6a000 	C:\Users\h013026\.jdks\corretto-17.0.7\bin\server\jvm.dll
0x00007ffceffb0000 - 0x00007ffceffb9000 	C:\WINDOWS\SYSTEM32\WSOCK32.dll
0x00007ffcfbe70000 - 0x00007ffcfbe97000 	C:\WINDOWS\SYSTEM32\WINMM.dll
0x00007ffd0fa40000 - 0x00007ffd0faab000 	C:\WINDOWS\System32\WS2_32.dll
0x00007ffd06050000 - 0x00007ffd0605a000 	C:\WINDOWS\SYSTEM32\VERSION.dll
0x00007ffd0c9b0000 - 0x00007ffd0c9c2000 	C:\WINDOWS\SYSTEM32\kernel.appcore.dll
0x00007ffce2050000 - 0x00007ffce205a000 	C:\Users\h013026\.jdks\corretto-17.0.7\bin\jimage.dll
0x00007ffceab30000 - 0x00007ffceab5c000 	C:\WINDOWS\SYSTEM32\dbgcore.DLL
0x00007ffd0e580000 - 0x00007ffd0e600000 	C:\WINDOWS\System32\bcryptPrimitives.dll
0x00007ffd09d60000 - 0x00007ffd09d6e000 	C:\Users\h013026\.jdks\corretto-17.0.7\bin\instrument.dll
0x00007ffce1c60000 - 0x00007ffce1c85000 	C:\Users\h013026\.jdks\corretto-17.0.7\bin\java.dll
0x00007ffca7140000 - 0x00007ffca7216000 	C:\Users\h013026\.jdks\corretto-17.0.7\bin\jsvml.dll
0x00007ffd0c1f0000 - 0x00007ffd0c985000 	C:\WINDOWS\SYSTEM32\windows.storage.dll
0x00007ffd0ea70000 - 0x00007ffd0edc6000 	C:\WINDOWS\System32\combase.dll
0x00007ffd0d9c0000 - 0x00007ffd0d9ec000 	C:\WINDOWS\SYSTEM32\Wldp.dll
0x00007ffd0f910000 - 0x00007ffd0f9be000 	C:\WINDOWS\System32\SHCORE.dll
0x00007ffd0e020000 - 0x00007ffd0e046000 	C:\WINDOWS\SYSTEM32\profapi.dll
0x00007ffcd2a00000 - 0x00007ffcd2a18000 	C:\Users\h013026\.jdks\corretto-17.0.7\bin\zip.dll
0x00007ffcdf200000 - 0x00007ffcdf219000 	C:\Users\h013026\.jdks\corretto-17.0.7\bin\net.dll
0x00007ffd069d0000 - 0x00007ffd06ad0000 	C:\WINDOWS\SYSTEM32\WINHTTP.dll
0x00007ffd0d7b0000 - 0x00007ffd0d81a000 	C:\WINDOWS\system32\mswsock.dll
0x00007ffcd2a20000 - 0x00007ffcd2a35000 	C:\Users\h013026\.jdks\corretto-17.0.7\bin\nio.dll
0x00007ffcf54e0000 - 0x00007ffcf54fa000 	C:\Program Files\JetBrains\IntelliJ IDEA 2023.1\bin\breakgen64.dll
0x00007ffd0d500000 - 0x00007ffd0d5cb000 	C:\WINDOWS\SYSTEM32\DNSAPI.dll
0x00007ffd0d4c0000 - 0x00007ffd0d4fb000 	C:\WINDOWS\SYSTEM32\IPHLPAPI.DLL
0x00007ffd0f120000 - 0x00007ffd0f128000 	C:\WINDOWS\System32\NSI.dll
0x00007ffd078c0000 - 0x00007ffd078ca000 	C:\Windows\System32\rasadhlp.dll
0x00007ffd08fc0000 - 0x00007ffd0903f000 	C:\WINDOWS\System32\fwpuclnt.dll
0x00007ffd0e3c0000 - 0x00007ffd0e3e7000 	C:\WINDOWS\System32\bcrypt.dll
0x00007ffcf2310000 - 0x00007ffcf2319000 	C:\Users\h013026\.jdks\corretto-17.0.7\bin\management.dll
0x00007ffcd28c0000 - 0x00007ffcd28cb000 	C:\Users\h013026\.jdks\corretto-17.0.7\bin\management_ext.dll
0x00007ffd0f9d0000 - 0x00007ffd0f9d8000 	C:\WINDOWS\System32\PSAPI.DLL
0x00007ffd0da00000 - 0x00007ffd0da18000 	C:\WINDOWS\SYSTEM32\CRYPTSP.dll
0x00007ffd0d160000 - 0x00007ffd0d194000 	C:\WINDOWS\system32\rsaenh.dll
0x00007ffd0dfe0000 - 0x00007ffd0e00e000 	C:\WINDOWS\SYSTEM32\USERENV.dll
0x00007ffd0d930000 - 0x00007ffd0d93c000 	C:\WINDOWS\SYSTEM32\CRYPTBASE.dll
0x00007ffd08ab0000 - 0x00007ffd08ac7000 	C:\WINDOWS\SYSTEM32\dhcpcsvc6.DLL
0x00007ffd08a40000 - 0x00007ffd08a5d000 	C:\WINDOWS\SYSTEM32\dhcpcsvc.DLL
0x00007ffce38f0000 - 0x00007ffce3907000 	C:\WINDOWS\system32\napinsp.dll
0x00007ffce3910000 - 0x00007ffce392b000 	C:\WINDOWS\system32\pnrpnsp.dll
0x00007ffd096b0000 - 0x00007ffd096c5000 	C:\WINDOWS\system32\wshbth.dll
0x00007ffd09b20000 - 0x00007ffd09b3d000 	C:\WINDOWS\system32\NLAapi.dll
0x00007ffce45d0000 - 0x00007ffce45e2000 	C:\WINDOWS\System32\winrnr.dll

dbghelp: loaded successfully - version: 4.0.5 - missing functions: none
symbol engine: initialized successfully - sym options: 0x614 - pdb path: .;C:\Users\h013026\.jdks\corretto-17.0.7\bin;C:\WINDOWS\SYSTEM32;C:\WINDOWS\WinSxS\amd64_microsoft.windows.common-controls_6595b64144ccf1df_6.0.19041.488_none_ca04af081b815d21;C:\Program Files\McAfee\Endpoint Security\Threat Prevention\Ips;C:\Users\h013026\.jdks\corretto-17.0.7\bin\server;C:\Program Files\JetBrains\IntelliJ IDEA 2023.1\bin

VM Arguments:
jvm_args: -XX:TieredStopAtLevel=1 -Dspring.output.ansi.enabled=always -Dcom.sun.management.jmxremote -Dspring.jmx.enabled=true -Dspring.liveBeansView.mbeanDomain -Dspring.application.admin.enabled=true -Dmanagement.endpoints.jmx.exposure.include=* -javaagent:C:\Program Files\JetBrains\IntelliJ IDEA 2023.1\lib\idea_rt.jar=9051:C:\Program Files\JetBrains\IntelliJ IDEA 2023.1\bin -Dfile.encoding=UTF-8 
java_command: hspm.sp.api.ApiApplication
java_class_path (initial): G:\OneDrive - Default Directory\OneDrive - rede.sp\Worspace_Agendamento_API\api\target\classes;C:\Users\h013026\.m2\repository\org\springframework\boot\spring-boot-starter-data-jpa\3.0.6\spring-boot-starter-data-jpa-3.0.6.jar;C:\Users\h013026\.m2\repository\org\springframework\boot\spring-boot-starter-aop\3.0.6\spring-boot-starter-aop-3.0.6.jar;C:\Users\h013026\.m2\repository\org\springframework\spring-aop\6.0.8\spring-aop-6.0.8.jar;C:\Users\h013026\.m2\repository\org\aspectj\aspectjweaver\1.9.19\aspectjweaver-1.9.19.jar;C:\Users\h013026\.m2\repository\org\springframework\boot\spring-boot-starter-jdbc\3.0.6\spring-boot-starter-jdbc-3.0.6.jar;C:\Users\h013026\.m2\repository\com\zaxxer\HikariCP\5.0.1\HikariCP-5.0.1.jar;C:\Users\h013026\.m2\repository\org\springframework\spring-jdbc\6.0.8\spring-jdbc-6.0.8.jar;C:\Users\h013026\.m2\repository\org\hibernate\orm\hibernate-core\6.1.7.Final\hibernate-core-6.1.7.Final.jar;C:\Users\h013026\.m2\repository\jakarta\persistence\jakarta.persistence-api\3.1.0\jakarta.persistence-api-3.1.0.jar;C:\Users\h013026\.m2\repository\jakarta\transaction\jakarta.transaction-api\2.0.1\jakarta.transaction-api-2.0.1.jar;C:\Users\h013026\.m2\repository\org\jboss\logging\jboss-logging\3.5.0.Final\jboss-logging-3.5.0.Final.jar;C:\Users\h013026\.m2\repository\org\hibernate\common\hibernate-commons-annotations\6.0.6.Final\hibernate-commons-annotations-6.0.6.Final.jar;C:\Users\h013026\.m2\repository\org\jboss\jandex\2.4.2.Final\jandex-2.4.2.Final.jar;C:\Users\h013026\.m2\repository\com\fasterxml\classmate\1.5.1\classmate-1.5.1.jar;C:\Users\h013026\.m2\repository\net\bytebuddy\byte-buddy\1.12.23\byte-buddy-1.12.23.jar;C:\Users\h013026\.m2\repository\org\glassfish\jaxb\jaxb-runtime\4.0.2\jaxb-runtime-4.0.2.jar;C:\Users\h013026\.m2\repository\org\glassfish\jaxb\jaxb-core\4.0.2\jaxb-core-4.0.2.jar;C:\Users\h013026\.m2\repository\org\eclipse\angus\angus-activation\2.0.0\angus-activation-2.0.0.jar;C:\Users\h013026\.m2\repository
Launcher Type: SUN_STANDARD

[Global flags]
     intx CICompilerCount                          = 3                                         {product} {ergonomic}
     uint ConcGCThreads                            = 1                                         {product} {ergonomic}
     uint G1ConcRefinementThreads                  = 4                                         {product} {ergonomic}
   size_t G1HeapRegionSize                         = 2097152                                   {product} {ergonomic}
    uintx GCDrainStackTargetSize                   = 64                                        {product} {ergonomic}
   size_t InitialHeapSize                          = 268435456                                 {product} {ergonomic}
     bool ManagementServer                         = true                                      {product} {command line}
   size_t MarkStackSize                            = 4194304                                   {product} {ergonomic}
   size_t MaxHeapSize                              = 4263510016                                {product} {ergonomic}
   size_t MaxNewSize                               = 2556428288                                {product} {ergonomic}
   size_t MinHeapDeltaBytes                        = 2097152                                   {product} {ergonomic}
   size_t MinHeapSize                              = 8388608                                   {product} {ergonomic}
    uintx NonProfiledCodeHeapSize                  = 0                                      {pd product} {ergonomic}
     bool ProfileInterpreter                       = false                                  {pd product} {command line}
    uintx ProfiledCodeHeapSize                     = 0                                      {pd product} {ergonomic}
   size_t SoftMaxHeapSize                          = 4263510016                             {manageable} {ergonomic}
     intx TieredStopAtLevel                        = 1                                         {product} {command line}
     bool UseCompressedClassPointers               = true                           {product lp64_product} {ergonomic}
     bool UseCompressedOops                        = true                           {product lp64_product} {ergonomic}
     bool UseG1GC                                  = true                                      {product} {ergonomic}
     bool UseLargePagesIndividualAllocation        = false                                  {pd product} {ergonomic}

Logging:
Log output configuration:
 #0: stdout all=warning uptime,level,tags
 #1: stderr all=off uptime,level,tags

Environment Variables:
JAVA_HOME=C:\Program Files\AdoptOpenJDK\jdk-11.0.9.101-hotspot\
PATH=C:\Python311\Scripts\;C:\Python311\;C:\Program Files\Microsoft MPI\Bin\;C:\Windows\system32;C:\Windows;C:\Windows\System32\Wbem;C:\Windows\System32\WindowsPowerShell\v1.0\;C:\Program Files\SourceGear\Common\DiffMerge\;C:\Program Files\Microsoft SQL Server\130\Tools\Binn\;C:\Program Files\PostgreSQL\10\bin;C:\Program Files\PostgreSQL\10\lib;C:\Program Files\Microsoft VS Code\bin;C:\Program Files\MongoDB\Server\4.0\bin;C:\Program Files\RStudio\bin;C:\Program Files\R\R-3.5.3\bin;C:\ProgramData\chocolatey\bin;C:\Program Files (x86)\vim\vim80;C:\apache-maven-3.6.3\bin;C:\Program Files (x86)\Microsoft SQL Server\100\Tools\Binn\;C:\Program Files\Microsoft SQL Server\100\Tools\Binn\;C:\Program Files\Microsoft SQL Server\100\DTS\Binn\;C:\Program Files (x86)\Microsoft SQL Server\100\Tools\Binn\VSShell\Common7\IDE\;C:\Program Files (x86)\Microsoft SQL Server\100\DTS\Binn\;C:\Program Files (x86)\Microsoft Visual Studio 9.0\Common7\IDE\PrivateAssemblies\;C:\WINDOWS\system32;C:\WINDOWS;C:\WINDOWS\System32\Wbem;C:\WINDOWS\System32\WindowsPowerShell\v1.0\;C:\WINDOWS\System32\OpenSSH\;c:\Program Files (x86)\Microsoft SQL Server\110\Tools\Binn\;c:\Program Files\Microsoft SQL Server\110\Tools\Binn\;c:\Program Files\Microsoft SQL Server\110\DTS\Binn\;C:\Users\h013026\Anaconda3\Scripts;C:\Program Files\Microsoft SQL Server\Client SDK\ODBC\170\Tools\Binn\;C:\Users\h013026\.sdkman\bin;C:\flyway-8.0.0-beta3;C:\Program Files\PuTTY\;C:\Program Files\GitHub CLI\;C:\Program Files (x86)\Microsoft SQL Server\150\DTS\Binn\;C:\Program Files\Azure Data Studio\bin;C:\Program Files\dotnet\;C:\Program Files\Microsoft SQL Server\150\Tools\Binn\;C:\Program Files\Git\cmd;C:\Program Files\AdoptOpenJDK\jdk-11.0.9.101-hotspot\bin;C:\Program Files\AdoptOpenJDK\jdk-11.0.9.101-hotspot\\bin;C:\Program Files\nodejs\;C:\Program Files\Docker\Docker\resources\bin;C:\Program Files\Microsoft MPI\Bin\;C:\Windows\system32;C:\Windows;C:\Windows\System32\Wbem;C:\Windows\System32\WindowsPowerShell\v1.0\;c:\Program Files
USERNAME=h013026
DISPLAY=needs-to-be-defined
OS=Windows_NT
PROCESSOR_IDENTIFIER=Intel64 Family 6 Model 94 Stepping 3, GenuineIntel
TMP=C:\Users\h013026\AppData\Local\Temp
TEMP=C:\Users\h013026\AppData\Local\Temp



---------------  S Y S T E M  ---------------

OS:
 Windows 10 , 64 bit Build 19041 (10.0.19041.662)
OS uptime: 0 days 5:49 hours
Hyper-V role detected

CPU: total 4 (initial active 4) (4 cores per cpu, 1 threads per core) family 6 model 94 stepping 3 microcode 0xd6, cx8, cmov, fxsr, mmx, 3dnowpref, sse, sse2, sse3, ssse3, sse4.1, sse4.2, popcnt, lzcnt, tsc, tscinvbit, avx, avx2, aes, erms, clmul, bmi1, bmi2, rtm, adx, fma, vzeroupper, clflush, clflushopt, hv

Memory: 4k page, system-wide physical 16263M (2613M free)
TotalPageFile size 18167M (AvailPageFile size 1M)
current process WorkingSet (physical memory assigned to process): 72M, peak: 72M
current process commit charge ("private bytes"): 350M, peak: 350M

vm_info: OpenJDK 64-Bit Server VM (17.0.7+7-LTS) for windows-amd64 JRE (17.0.7+7-LTS), built on Apr 14 2023 01:39:21 by "Administrator" with MS VC++ 15.9 (VS2017)

END.
